Using pre-set license
Built from '2020.3/staging' branch; Version is '2020.3.20f1 (41c4e627c95f) revision 4310246'; Using compiler version '192528614'; Build Type 'Release'
OS: 'Windows 10 Pro; OS build 19041.1415; Version 2004; 64bit' Language: 'en' Physical Memory: 8098 MB
BatchMode: 1, IsHumanControllingUs: 0, StartBugReporterOnCrash: 0, Is64bit: 1, IsPro: 0

COMMAND LINE ARGUMENTS:
G:\Unity\2020.3.20f1\Editor\Unity.exe
-adb2
-batchMode
-noUpm
-name
AssetImportWorker0
-projectPath
D:/JMC Academy/Tri 4/AGA312/AGA312_Sep21
-logFile
Logs/AssetImportWorker0.log
-srvPort
63313
Successfully changed project path to: D:/JMC Academy/Tri 4/AGA312/AGA312_Sep21
D:/JMC Academy/Tri 4/AGA312/AGA312_Sep21
Using Asset Import Pipeline V2.
Refreshing native plugins compatible for Editor in 44.97 ms, found 0 plugins.
Preloading 0 native plugins for Editor in 0.00 ms.
Initialize engine version: 2020.3.20f1 (41c4e627c95f)
[Subsystems] Discovering subsystems at path G:/Unity/2020.3.20f1/Editor/Data/Resources/UnitySubsystems
[Subsystems] Discovering subsystems at path D:/JMC Academy/Tri 4/AGA312/AGA312_Sep21/Assets
GfxDevice: creating device client; threaded=0
Direct3D:
    Version:  Direct3D 11.0 [level 11.1]
    Renderer: NVIDIA GeForce GTX 1060 3GB (ID=0x1c02)
    Vendor:   
    VRAM:     2988 MB
    Driver:   27.21.14.5671
Initialize mono
Mono path[0] = 'G:/Unity/2020.3.20f1/Editor/Data/Managed'
Mono path[1] = 'G:/Unity/2020.3.20f1/Editor/Data/MonoBleedingEdge/lib/mono/unityjit'
Mono config path = 'G:/Unity/2020.3.20f1/Editor/Data/MonoBleedingEdge/etc'
Using monoOptions --debugger-agent=transport=dt_socket,embedding=1,server=y,suspend=n,address=127.0.0.1:56128
Begin MonoManager ReloadAssembly
Registering precompiled unity dll's ...
Register platform support module: G:/Unity/2020.3.20f1/Editor/Data/PlaybackEngines/WindowsStandaloneSupport/UnityEditor.WindowsStandalone.Extensions.dll
Registered in 0.033464 seconds.
Native extension for WindowsStandalone target not found
Refreshing native plugins compatible for Editor in 46.27 ms, found 0 plugins.
Preloading 0 native plugins for Editor in 0.00 ms.
Mono: successfully reloaded assembly
- Completed reload, in  9.440 seconds
Domain Reload Profiling:
	ReloadAssembly (9440ms)
		BeginReloadAssembly (114ms)
			ExecutionOrderSort (0ms)
			DisableScriptedObjects (0ms)
			BackupInstance (0ms)
			ReleaseScriptingObjects (0ms)
			CreateAndSetChildDomain (20ms)
		EndReloadAssembly (508ms)
			LoadAssemblies (71ms)
			RebuildTransferFunctionScriptingTraits (20ms)
			SetupTypeCache (156ms)
			ReleaseScriptCaches (0ms)
			RebuildScriptCaches (31ms)
			SetupLoadedEditorAssemblies (196ms)
				LogAssemblyErrors (0ms)
				InitializePlatformSupportModulesInManaged (4ms)
				SetLoadedEditorAssemblies (1ms)
				RefreshPlugins (46ms)
				BeforeProcessingInitializeOnLoad (20ms)
				ProcessInitializeOnLoadAttributes (76ms)
				ProcessInitializeOnLoadMethodAttributes (47ms)
				AfterProcessingInitializeOnLoad (0ms)
				EditorAssembliesLoaded (3ms)
			ExecutionOrderSort2 (0ms)
			AwakeInstancesAfterBackupRestoration (0ms)
Platform modules already initialized, skipping
Registering precompiled user dll's ...
Registered in 0.031677 seconds.
Begin MonoManager ReloadAssembly
Native extension for WindowsStandalone target not found
Refreshing native plugins compatible for Editor in 50.50 ms, found 0 plugins.
Preloading 0 native plugins for Editor in 0.00 ms.
Mono: successfully reloaded assembly
- Completed reload, in  1.701 seconds
Domain Reload Profiling:
	ReloadAssembly (1703ms)
		BeginReloadAssembly (194ms)
			ExecutionOrderSort (0ms)
			DisableScriptedObjects (6ms)
			BackupInstance (0ms)
			ReleaseScriptingObjects (0ms)
			CreateAndSetChildDomain (33ms)
		EndReloadAssembly (1430ms)
			LoadAssemblies (715ms)
			RebuildTransferFunctionScriptingTraits (0ms)
			SetupTypeCache (246ms)
			ReleaseScriptCaches (0ms)
			RebuildScriptCaches (51ms)
			SetupLoadedEditorAssemblies (296ms)
				LogAssemblyErrors (0ms)
				InitializePlatformSupportModulesInManaged (5ms)
				SetLoadedEditorAssemblies (0ms)
				RefreshPlugins (51ms)
				BeforeProcessingInitializeOnLoad (101ms)
				ProcessInitializeOnLoadAttributes (119ms)
				ProcessInitializeOnLoadMethodAttributes (5ms)
				AfterProcessingInitializeOnLoad (14ms)
				EditorAssembliesLoaded (0ms)
			ExecutionOrderSort2 (0ms)
			AwakeInstancesAfterBackupRestoration (7ms)
Platform modules already initialized, skipping
========================================================================
Worker process is ready to serve import requests
Launched and connected shader compiler UnityShaderCompiler.exe after 0.25 seconds
Refreshing native plugins compatible for Editor in 0.41 ms, found 0 plugins.
Preloading 0 native plugins for Editor in 0.00 ms.
Unloading 2360 Unused Serialized files (Serialized files now loaded: 0)
System memory in use before: 121.7 MB.
System memory in use after: 121.9 MB.

Unloading 12 unused Assets to reduce memory usage. Loaded Objects now: 2812.
Total: 2.932800 ms (FindLiveObjects: 0.257900 ms CreateObjectMapping: 0.106300 ms MarkObjects: 2.458600 ms  DeleteObjects: 0.108900 ms)

AssetImportParameters requested are different than current active one (requested -> active):
  custom:framework-win-MediaFoundation: 216162199b28c13a410421893ffa2e32 -> 
  custom:video-decoder-ogg-theora: a1e56fd34408186e4bbccfd4996cb3dc -> 
  custom:container-muxer-webm: aa71ff27fc2769a1b78a27578f13a17b -> 
  custom:container-demuxer-webm: 4f35f7cbe854078d1ac9338744f61a02 -> 
  custom:container-demuxer-ogg: 62fdf1f143b41e24485cea50d1cbac27 -> 
  custom:video-encoder-webm-vp8: eb34c28f22e8b96e1ab97ce403110664 -> 
  custom:video-codec-MediaFoundation-h265: 746d11721c4dcdbdad8f713fa42b33f4 -> 
  custom:video-decoder-webm-vp8: 9c59270c3fd7afecdb556c50c9e8de78 -> 
  custom:audio-decoder-ogg-vorbis: bf7c407c2cedff20999df2af8eb42d56 -> 
  custom:audio-encoder-webm-vorbis: bf7c407c2cedff20999df2af8eb42d56 -> 
========================================================================
Received Import Request.
  path: Assets/Prototype5/Models/Player Model.fbx
  artifactKey: Guid(07e2aae0bef37ba4c8d34bafab3479c6) Importer(815301076,1909f56bfc062723c751e8b465ee728b)
Start importing Assets/Prototype5/Models/Player Model.fbx using Guid(07e2aae0bef37ba4c8d34bafab3479c6) Importer(815301076,1909f56bfc062723c751e8b465ee728b)  -> (artifact id: 'b79de71b2253d6410cabaa4f05615e85') in 0.506305 seconds 
  Import took 0.532123 seconds .

========================================================================
Received Import Request.
  Time since last request: 253.909703 seconds.
  path: Assets/Prototype5/Materials/Player Texture
  artifactKey: Guid(19b8f32963632ca42b0dfb32fe1c961e) Importer(815301076,1909f56bfc062723c751e8b465ee728b)
Start importing Assets/Prototype5/Materials/Player Texture using Guid(19b8f32963632ca42b0dfb32fe1c961e) Importer(815301076,1909f56bfc062723c751e8b465ee728b)  -> (artifact id: '3d16599f6ca6c56a38af06a10d2be5a9') in 0.038915 seconds 
  Import took 0.117936 seconds .

========================================================================
Received Import Request.
  Time since last request: 43.568186 seconds.
  path: Assets/Prototype5/Prefabs/Player.prefab
  artifactKey: Guid(afad15b7eb99a054ca60eccf1a8df48e) Importer(815301076,1909f56bfc062723c751e8b465ee728b)
Start importing Assets/Prototype5/Prefabs/Player.prefab using Guid(afad15b7eb99a054ca60eccf1a8df48e) Importer(815301076,1909f56bfc062723c751e8b465ee728b)  -> (artifact id: '1d4f9573016e0b908b2d034f4fe68b7f') in 0.048168 seconds 
  Import took 0.077408 seconds .

========================================================================
Received Import Request.
  Time since last request: 4.870791 seconds.
  path: Assets/Prototype5/Prefabs/Player.prefab
  artifactKey: Guid(afad15b7eb99a054ca60eccf1a8df48e) Importer(815301076,1909f56bfc062723c751e8b465ee728b)
Start importing Assets/Prototype5/Prefabs/Player.prefab using Guid(afad15b7eb99a054ca60eccf1a8df48e) Importer(815301076,1909f56bfc062723c751e8b465ee728b)  -> (artifact id: 'a33cef2cdb0dce9abd0853c786c42995') in 0.070058 seconds 
  Import took 0.101113 seconds .

========================================================================
Received Prepare
Registering precompiled user dll's ...
Registered in 0.001740 seconds.
Begin MonoManager ReloadAssembly
Native extension for WindowsStandalone target not found
Refreshing native plugins compatible for Editor in 0.39 ms, found 0 plugins.
Preloading 0 native plugins for Editor in 0.00 ms.
Mono: successfully reloaded assembly
- Completed reload, in  0.915 seconds
Domain Reload Profiling:
	ReloadAssembly (915ms)
		BeginReloadAssembly (130ms)
			ExecutionOrderSort (0ms)
			DisableScriptedObjects (7ms)
			BackupInstance (0ms)
			ReleaseScriptingObjects (0ms)
			CreateAndSetChildDomain (27ms)
		EndReloadAssembly (715ms)
			LoadAssemblies (98ms)
			RebuildTransferFunctionScriptingTraits (0ms)
			SetupTypeCache (225ms)
			ReleaseScriptCaches (1ms)
			RebuildScriptCaches (36ms)
			SetupLoadedEditorAssemblies (225ms)
				LogAssemblyErrors (0ms)
				InitializePlatformSupportModulesInManaged (5ms)
				SetLoadedEditorAssemblies (0ms)
				RefreshPlugins (0ms)
				BeforeProcessingInitializeOnLoad (85ms)
				ProcessInitializeOnLoadAttributes (117ms)
				ProcessInitializeOnLoadMethodAttributes (4ms)
				AfterProcessingInitializeOnLoad (14ms)
				EditorAssembliesLoaded (0ms)
			ExecutionOrderSort2 (0ms)
			AwakeInstancesAfterBackupRestoration (16ms)
Platform modules already initialized, skipping
Refreshing native plugins compatible for Editor in 0.40 ms, found 0 plugins.
Preloading 0 native plugins for Editor in 0.00 ms.
Unloading 2216 Unused Serialized files (Serialized files now loaded: 0)
System memory in use before: 116.7 MB.
System memory in use after: 116.8 MB.

Unloading 8 unused Assets to reduce memory usage. Loaded Objects now: 2896.
Total: 2.803300 ms (FindLiveObjects: 0.207400 ms CreateObjectMapping: 0.088500 ms MarkObjects: 2.437600 ms  DeleteObjects: 0.068700 ms)

AssetImportParameters requested are different than current active one (requested -> active):
  custom:framework-win-MediaFoundation: 216162199b28c13a410421893ffa2e32 -> 
  custom:video-decoder-ogg-theora: a1e56fd34408186e4bbccfd4996cb3dc -> 
  custom:container-muxer-webm: aa71ff27fc2769a1b78a27578f13a17b -> 
  custom:container-demuxer-webm: 4f35f7cbe854078d1ac9338744f61a02 -> 
  custom:container-demuxer-ogg: 62fdf1f143b41e24485cea50d1cbac27 -> 
  custom:video-encoder-webm-vp8: eb34c28f22e8b96e1ab97ce403110664 -> 
  custom:video-codec-MediaFoundation-h265: 746d11721c4dcdbdad8f713fa42b33f4 -> 
  custom:video-decoder-webm-vp8: 9c59270c3fd7afecdb556c50c9e8de78 -> 
  custom:audio-decoder-ogg-vorbis: bf7c407c2cedff20999df2af8eb42d56 -> 
  custom:audio-encoder-webm-vorbis: bf7c407c2cedff20999df2af8eb42d56 -> 
========================================================================
Received Import Request.
  Time since last request: 91.319188 seconds.
  path: Assets/Prototype5/Scenes/Proto_5_Lvl_3.unity
  artifactKey: Guid(8428c8aea57640f43b4bd153a466be13) Importer(815301076,1909f56bfc062723c751e8b465ee728b)
Start importing Assets/Prototype5/Scenes/Proto_5_Lvl_3.unity using Guid(8428c8aea57640f43b4bd153a466be13) Importer(815301076,1909f56bfc062723c751e8b465ee728b)  -> (artifact id: '6f13d4157541d4c4b4f56516bd33ff05') in 0.023876 seconds 
  Import took 0.042844 seconds .

========================================================================
Received Import Request.
  Time since last request: 3.726246 seconds.
  path: Assets/Prototype5/Scenes/Proto_5_Lvl_6.unity
  artifactKey: Guid(6763c56c705415443b6030269b0c7b6b) Importer(815301076,1909f56bfc062723c751e8b465ee728b)
Start importing Assets/Prototype5/Scenes/Proto_5_Lvl_6.unity using Guid(6763c56c705415443b6030269b0c7b6b) Importer(815301076,1909f56bfc062723c751e8b465ee728b)  -> (artifact id: 'd5e91df2cd99c65a56088cab79fe9a31') in 0.026880 seconds 
  Import took 0.067780 seconds .

========================================================================
Received Import Request.
  Time since last request: 245.843443 seconds.
  path: Assets/Prototype5/Scenes/Proto_5_Lvl_1.unity
  artifactKey: Guid(20107a9468d03e743a756fa62fedb479) Importer(815301076,1909f56bfc062723c751e8b465ee728b)
Start importing Assets/Prototype5/Scenes/Proto_5_Lvl_1.unity using Guid(20107a9468d03e743a756fa62fedb479) Importer(815301076,1909f56bfc062723c751e8b465ee728b)  -> (artifact id: '8b5bfc31088511928535657db2ec1218') in 0.008584 seconds 
  Import took 0.037566 seconds .

========================================================================
Received Prepare
Registering precompiled user dll's ...
Registered in 0.002073 seconds.
Begin MonoManager ReloadAssembly
Native extension for WindowsStandalone target not found
Refreshing native plugins compatible for Editor in 0.40 ms, found 0 plugins.
Preloading 0 native plugins for Editor in 0.00 ms.
Mono: successfully reloaded assembly
- Completed reload, in  0.884 seconds
Domain Reload Profiling:
	ReloadAssembly (885ms)
		BeginReloadAssembly (122ms)
			ExecutionOrderSort (0ms)
			DisableScriptedObjects (5ms)
			BackupInstance (0ms)
			ReleaseScriptingObjects (0ms)
			CreateAndSetChildDomain (25ms)
		EndReloadAssembly (693ms)
			LoadAssemblies (97ms)
			RebuildTransferFunctionScriptingTraits (0ms)
			SetupTypeCache (216ms)
			ReleaseScriptCaches (1ms)
			RebuildScriptCaches (36ms)
			SetupLoadedEditorAssemblies (221ms)
				LogAssemblyErrors (0ms)
				InitializePlatformSupportModulesInManaged (5ms)
				SetLoadedEditorAssemblies (0ms)
				RefreshPlugins (0ms)
				BeforeProcessingInitializeOnLoad (85ms)
				ProcessInitializeOnLoadAttributes (114ms)
				ProcessInitializeOnLoadMethodAttributes (4ms)
				AfterProcessingInitializeOnLoad (13ms)
				EditorAssembliesLoaded (0ms)
			ExecutionOrderSort2 (0ms)
			AwakeInstancesAfterBackupRestoration (15ms)
Platform modules already initialized, skipping
Refreshing native plugins compatible for Editor in 0.39 ms, found 0 plugins.
Preloading 0 native plugins for Editor in 0.00 ms.
Unloading 2216 Unused Serialized files (Serialized files now loaded: 0)
System memory in use before: 116.7 MB.
System memory in use after: 116.9 MB.

Unloading 8 unused Assets to reduce memory usage. Loaded Objects now: 2898.
Total: 2.580800 ms (FindLiveObjects: 0.218400 ms CreateObjectMapping: 0.094900 ms MarkObjects: 2.196800 ms  DeleteObjects: 0.070000 ms)

AssetImportParameters requested are different than current active one (requested -> active):
  custom:framework-win-MediaFoundation: 216162199b28c13a410421893ffa2e32 -> 
  custom:video-decoder-ogg-theora: a1e56fd34408186e4bbccfd4996cb3dc -> 
  custom:container-muxer-webm: aa71ff27fc2769a1b78a27578f13a17b -> 
  custom:container-demuxer-webm: 4f35f7cbe854078d1ac9338744f61a02 -> 
  custom:container-demuxer-ogg: 62fdf1f143b41e24485cea50d1cbac27 -> 
  custom:video-encoder-webm-vp8: eb34c28f22e8b96e1ab97ce403110664 -> 
  custom:video-codec-MediaFoundation-h265: 746d11721c4dcdbdad8f713fa42b33f4 -> 
  custom:video-decoder-webm-vp8: 9c59270c3fd7afecdb556c50c9e8de78 -> 
  custom:audio-decoder-ogg-vorbis: bf7c407c2cedff20999df2af8eb42d56 -> 
  custom:audio-encoder-webm-vorbis: bf7c407c2cedff20999df2af8eb42d56 -> 
========================================================================
Received Prepare
Registering precompiled user dll's ...
Registered in 0.001645 seconds.
Begin MonoManager ReloadAssembly
Native extension for WindowsStandalone target not found
Refreshing native plugins compatible for Editor in 0.39 ms, found 0 plugins.
Preloading 0 native plugins for Editor in 0.00 ms.
Mono: successfully reloaded assembly
- Completed reload, in  0.891 seconds
Domain Reload Profiling:
	ReloadAssembly (891ms)
		BeginReloadAssembly (119ms)
			ExecutionOrderSort (0ms)
			DisableScriptedObjects (5ms)
			BackupInstance (0ms)
			ReleaseScriptingObjects (0ms)
			CreateAndSetChildDomain (23ms)
		EndReloadAssembly (703ms)
			LoadAssemblies (97ms)
			RebuildTransferFunctionScriptingTraits (0ms)
			SetupTypeCache (221ms)
			ReleaseScriptCaches (1ms)
			RebuildScriptCaches (37ms)
			SetupLoadedEditorAssemblies (224ms)
				LogAssemblyErrors (0ms)
				InitializePlatformSupportModulesInManaged (5ms)
				SetLoadedEditorAssemblies (0ms)
				RefreshPlugins (0ms)
				BeforeProcessingInitializeOnLoad (85ms)
				ProcessInitializeOnLoadAttributes (114ms)
				ProcessInitializeOnLoadMethodAttributes (4ms)
				AfterProcessingInitializeOnLoad (15ms)
				EditorAssembliesLoaded (0ms)
			ExecutionOrderSort2 (0ms)
			AwakeInstancesAfterBackupRestoration (15ms)
Platform modules already initialized, skipping
Refreshing native plugins compatible for Editor in 0.43 ms, found 0 plugins.
Preloading 0 native plugins for Editor in 0.00 ms.
Unloading 2216 Unused Serialized files (Serialized files now loaded: 0)
System memory in use before: 116.7 MB.
System memory in use after: 116.9 MB.

Unloading 8 unused Assets to reduce memory usage. Loaded Objects now: 2900.
Total: 2.970800 ms (FindLiveObjects: 0.260300 ms CreateObjectMapping: 0.116300 ms MarkObjects: 2.521600 ms  DeleteObjects: 0.071000 ms)

AssetImportParameters requested are different than current active one (requested -> active):
  custom:framework-win-MediaFoundation: 216162199b28c13a410421893ffa2e32 -> 
  custom:video-decoder-ogg-theora: a1e56fd34408186e4bbccfd4996cb3dc -> 
  custom:container-muxer-webm: aa71ff27fc2769a1b78a27578f13a17b -> 
  custom:container-demuxer-webm: 4f35f7cbe854078d1ac9338744f61a02 -> 
  custom:container-demuxer-ogg: 62fdf1f143b41e24485cea50d1cbac27 -> 
  custom:video-encoder-webm-vp8: eb34c28f22e8b96e1ab97ce403110664 -> 
  custom:video-codec-MediaFoundation-h265: 746d11721c4dcdbdad8f713fa42b33f4 -> 
  custom:video-decoder-webm-vp8: 9c59270c3fd7afecdb556c50c9e8de78 -> 
  custom:audio-decoder-ogg-vorbis: bf7c407c2cedff20999df2af8eb42d56 -> 
  custom:audio-encoder-webm-vorbis: bf7c407c2cedff20999df2af8eb42d56 -> 
========================================================================
Received Import Request.
  Time since last request: 1894.864638 seconds.
  path: Assets/Prototype5/Scenes/Proto_5_Lvl_3.unity
  artifactKey: Guid(8428c8aea57640f43b4bd153a466be13) Importer(815301076,1909f56bfc062723c751e8b465ee728b)
Start importing Assets/Prototype5/Scenes/Proto_5_Lvl_3.unity using Guid(8428c8aea57640f43b4bd153a466be13) Importer(815301076,1909f56bfc062723c751e8b465ee728b)  -> (artifact id: '21407511fb94863d2a4ab26a2867c3e2') in 0.072330 seconds 
  Import took 0.101006 seconds .

========================================================================
Received Import Request.
  Time since last request: 14.510446 seconds.
  path: Assets/Prototype5/Models/Lvl 3 Obstacles.fbx
  artifactKey: Guid(a1c1981e5feff924c819ef1cb67afdcb) Importer(815301076,1909f56bfc062723c751e8b465ee728b)
Start importing Assets/Prototype5/Models/Lvl 3 Obstacles.fbx using Guid(a1c1981e5feff924c819ef1cb67afdcb) Importer(815301076,1909f56bfc062723c751e8b465ee728b)  -> (artifact id: 'cec57dc59a83e2a493c74dedec65ebe5') in 0.270164 seconds 
  Import took 0.302630 seconds .

========================================================================
Received Import Request.
  Time since last request: 7.771720 seconds.
  path: Assets/Prototype5/Models/Lvl 3 Obstacles.fbx
  artifactKey: Guid(a1c1981e5feff924c819ef1cb67afdcb) Importer(815301076,1909f56bfc062723c751e8b465ee728b)
Start importing Assets/Prototype5/Models/Lvl 3 Obstacles.fbx using Guid(a1c1981e5feff924c819ef1cb67afdcb) Importer(815301076,1909f56bfc062723c751e8b465ee728b)  -> (artifact id: '86b0b9d8708ca54c739311e8d34b582e') in 0.065015 seconds 
  Import took 0.094698 seconds .

========================================================================
Received Prepare
Registering precompiled user dll's ...
Registered in 0.001816 seconds.
Begin MonoManager ReloadAssembly
Native extension for WindowsStandalone target not found
Refreshing native plugins compatible for Editor in 0.54 ms, found 0 plugins.
Preloading 0 native plugins for Editor in 0.00 ms.
Mono: successfully reloaded assembly
- Completed reload, in  1.065 seconds
Domain Reload Profiling:
	ReloadAssembly (1065ms)
		BeginReloadAssembly (177ms)
			ExecutionOrderSort (0ms)
			DisableScriptedObjects (6ms)
			BackupInstance (0ms)
			ReleaseScriptingObjects (0ms)
			CreateAndSetChildDomain (55ms)
		EndReloadAssembly (807ms)
			LoadAssemblies (139ms)
			RebuildTransferFunctionScriptingTraits (0ms)
			SetupTypeCache (254ms)
			ReleaseScriptCaches (1ms)
			RebuildScriptCaches (39ms)
			SetupLoadedEditorAssemblies (246ms)
				LogAssemblyErrors (0ms)
				InitializePlatformSupportModulesInManaged (5ms)
				SetLoadedEditorAssemblies (1ms)
				RefreshPlugins (1ms)
				BeforeProcessingInitializeOnLoad (89ms)
				ProcessInitializeOnLoadAttributes (132ms)
				ProcessInitializeOnLoadMethodAttributes (4ms)
				AfterProcessingInitializeOnLoad (14ms)
				EditorAssembliesLoaded (0ms)
			ExecutionOrderSort2 (0ms)
			AwakeInstancesAfterBackupRestoration (17ms)
Platform modules already initialized, skipping
Refreshing native plugins compatible for Editor in 0.52 ms, found 0 plugins.
Preloading 0 native plugins for Editor in 0.00 ms.
Unloading 2216 Unused Serialized files (Serialized files now loaded: 0)
System memory in use before: 116.9 MB.
System memory in use after: 117.1 MB.

Unloading 8 unused Assets to reduce memory usage. Loaded Objects now: 2938.
Total: 2.996100 ms (FindLiveObjects: 0.222100 ms CreateObjectMapping: 0.089400 ms MarkObjects: 2.604100 ms  DeleteObjects: 0.079100 ms)

AssetImportParameters requested are different than current active one (requested -> active):
  custom:framework-win-MediaFoundation: 216162199b28c13a410421893ffa2e32 -> 
  custom:video-decoder-ogg-theora: a1e56fd34408186e4bbccfd4996cb3dc -> 
  custom:container-muxer-webm: aa71ff27fc2769a1b78a27578f13a17b -> 
  custom:container-demuxer-webm: 4f35f7cbe854078d1ac9338744f61a02 -> 
  custom:container-demuxer-ogg: 62fdf1f143b41e24485cea50d1cbac27 -> 
  custom:video-encoder-webm-vp8: eb34c28f22e8b96e1ab97ce403110664 -> 
  custom:video-codec-MediaFoundation-h265: 746d11721c4dcdbdad8f713fa42b33f4 -> 
  custom:video-decoder-webm-vp8: 9c59270c3fd7afecdb556c50c9e8de78 -> 
  custom:audio-decoder-ogg-vorbis: bf7c407c2cedff20999df2af8eb42d56 -> 
  custom:audio-encoder-webm-vorbis: bf7c407c2cedff20999df2af8eb42d56 -> 
========================================================================
Received Import Request.
  Time since last request: 505.766498 seconds.
  path: Assets/Prototype5/Models/Lvl 3 Obstacles 1.fbx
  artifactKey: Guid(83bdb71f0f63f7c41b16d4ba2e6ceb2e) Importer(815301076,1909f56bfc062723c751e8b465ee728b)
Start importing Assets/Prototype5/Models/Lvl 3 Obstacles 1.fbx using Guid(83bdb71f0f63f7c41b16d4ba2e6ceb2e) Importer(815301076,1909f56bfc062723c751e8b465ee728b)  -> (artifact id: '9fb6081c008aef215b921dc6b31f29c4') in 0.339528 seconds 
  Import took 0.362816 seconds .

========================================================================
Received Import Request.
  Time since last request: 8.386155 seconds.
  path: Assets/Prototype5/Models/Lvl 3 Obstacles 1.fbx
  artifactKey: Guid(83bdb71f0f63f7c41b16d4ba2e6ceb2e) Importer(815301076,1909f56bfc062723c751e8b465ee728b)
Start importing Assets/Prototype5/Models/Lvl 3 Obstacles 1.fbx using Guid(83bdb71f0f63f7c41b16d4ba2e6ceb2e) Importer(815301076,1909f56bfc062723c751e8b465ee728b)  -> (artifact id: '9f16ed12cc48ceebc3cf27ecaf321f7d') in 0.097460 seconds 
  Import took 0.110514 seconds .

========================================================================
Received Import Request.
  Time since last request: 5.679520 seconds.
  path: Assets/Prototype5/Models/Lvl 3 Obstacles.fbx
  artifactKey: Guid(83bdb71f0f63f7c41b16d4ba2e6ceb2e) Importer(815301076,1909f56bfc062723c751e8b465ee728b)
Start importing Assets/Prototype5/Models/Lvl 3 Obstacles.fbx using Guid(83bdb71f0f63f7c41b16d4ba2e6ceb2e) Importer(815301076,1909f56bfc062723c751e8b465ee728b)  -> (artifact id: 'd6720f23a5e8b34ab042942053cc64fb') in 0.089975 seconds 
  Import took 0.104065 seconds .

========================================================================
Received Prepare
Registering precompiled user dll's ...
Registered in 0.001997 seconds.
Begin MonoManager ReloadAssembly
Native extension for WindowsStandalone target not found
Refreshing native plugins compatible for Editor in 0.44 ms, found 0 plugins.
Preloading 0 native plugins for Editor in 0.00 ms.
Mono: successfully reloaded assembly
- Completed reload, in  1.001 seconds
Domain Reload Profiling:
	ReloadAssembly (1001ms)
		BeginReloadAssembly (156ms)
			ExecutionOrderSort (0ms)
			DisableScriptedObjects (7ms)
			BackupInstance (0ms)
			ReleaseScriptingObjects (0ms)
			CreateAndSetChildDomain (30ms)
		EndReloadAssembly (772ms)
			LoadAssemblies (120ms)
			RebuildTransferFunctionScriptingTraits (0ms)
			SetupTypeCache (238ms)
			ReleaseScriptCaches (1ms)
			RebuildScriptCaches (42ms)
			SetupLoadedEditorAssemblies (245ms)
				LogAssemblyErrors (0ms)
				InitializePlatformSupportModulesInManaged (7ms)
				SetLoadedEditorAssemblies (0ms)
				RefreshPlugins (1ms)
				BeforeProcessingInitializeOnLoad (93ms)
				ProcessInitializeOnLoadAttributes (125ms)
				ProcessInitializeOnLoadMethodAttributes (4ms)
				AfterProcessingInitializeOnLoad (15ms)
				EditorAssembliesLoaded (0ms)
			ExecutionOrderSort2 (0ms)
			AwakeInstancesAfterBackupRestoration (19ms)
Platform modules already initialized, skipping
Refreshing native plugins compatible for Editor in 0.40 ms, found 0 plugins.
Preloading 0 native plugins for Editor in 0.00 ms.
Unloading 2216 Unused Serialized files (Serialized files now loaded: 0)
System memory in use before: 117.0 MB.
System memory in use after: 117.1 MB.

Unloading 8 unused Assets to reduce memory usage. Loaded Objects now: 2976.
Total: 3.315200 ms (FindLiveObjects: 0.271800 ms CreateObjectMapping: 0.115200 ms MarkObjects: 2.847800 ms  DeleteObjects: 0.079300 ms)

AssetImportParameters requested are different than current active one (requested -> active):
  custom:framework-win-MediaFoundation: 216162199b28c13a410421893ffa2e32 -> 
  custom:video-decoder-ogg-theora: a1e56fd34408186e4bbccfd4996cb3dc -> 
  custom:container-muxer-webm: aa71ff27fc2769a1b78a27578f13a17b -> 
  custom:container-demuxer-webm: 4f35f7cbe854078d1ac9338744f61a02 -> 
  custom:container-demuxer-ogg: 62fdf1f143b41e24485cea50d1cbac27 -> 
  custom:video-encoder-webm-vp8: eb34c28f22e8b96e1ab97ce403110664 -> 
  custom:video-codec-MediaFoundation-h265: 746d11721c4dcdbdad8f713fa42b33f4 -> 
  custom:video-decoder-webm-vp8: 9c59270c3fd7afecdb556c50c9e8de78 -> 
  custom:audio-decoder-ogg-vorbis: bf7c407c2cedff20999df2af8eb42d56 -> 
  custom:audio-encoder-webm-vorbis: bf7c407c2cedff20999df2af8eb42d56 -> 
========================================================================
Received Import Request.
  Time since last request: 2158.793877 seconds.
  path: Assets/Prototype5/Materials/Lvl 5 Textures/Lvl 5 Obstacle Mat
  artifactKey: Guid(67ca645b105bace47a2f5b7cb5eb2913) Importer(815301076,1909f56bfc062723c751e8b465ee728b)
Start importing Assets/Prototype5/Materials/Lvl 5 Textures/Lvl 5 Obstacle Mat using Guid(67ca645b105bace47a2f5b7cb5eb2913) Importer(815301076,1909f56bfc062723c751e8b465ee728b)  -> (artifact id: '5b0ef42c2f4f8b5673d94c8fb99e9cef') in 0.020635 seconds 
  Import took 0.044795 seconds .

========================================================================
Received Import Request.
  Time since last request: 60.748529 seconds.
  path: Assets/Prototype5/Models/Lvl 5 Obstacles.fbx
  artifactKey: Guid(7ff281116bdde8f45938d92b16578c9a) Importer(815301076,1909f56bfc062723c751e8b465ee728b)
Start importing Assets/Prototype5/Models/Lvl 5 Obstacles.fbx using Guid(7ff281116bdde8f45938d92b16578c9a) Importer(815301076,1909f56bfc062723c751e8b465ee728b)  -> (artifact id: 'a24c34d66d7082618caba0433b73ac91') in 0.294186 seconds 
  Import took 0.316258 seconds .

========================================================================
Received Import Request.
  Time since last request: 3.081171 seconds.
  path: Assets/Prototype5/Models/Lvl 5 Obstacles.fbx
  artifactKey: Guid(7ff281116bdde8f45938d92b16578c9a) Importer(815301076,1909f56bfc062723c751e8b465ee728b)
Start importing Assets/Prototype5/Models/Lvl 5 Obstacles.fbx using Guid(7ff281116bdde8f45938d92b16578c9a) Importer(815301076,1909f56bfc062723c751e8b465ee728b)  -> (artifact id: '0ef69c54886c10c3ee3b46c7c7fed996') in 0.081514 seconds 
  Import took 0.098904 seconds .

========================================================================
Received Import Request.
  Time since last request: 506.726969 seconds.
  path: Assets/Prototype5/Materials/Lvl 5 Textures/Lvl 5 Pressure Plate Mat/Lvl 5 Pressure Plate_lambert1_Albedo.png
  artifactKey: Guid(f0fc62e8a4fa9074894552bb6ae22f05) Importer(815301076,1909f56bfc062723c751e8b465ee728b)
Start importing Assets/Prototype5/Materials/Lvl 5 Textures/Lvl 5 Pressure Plate Mat/Lvl 5 Pressure Plate_lambert1_Albedo.png using Guid(f0fc62e8a4fa9074894552bb6ae22f05) Importer(815301076,1909f56bfc062723c751e8b465ee728b)  -> (artifact id: 'fac3230df2b80bf7c8c8011de25c4646') in 0.154035 seconds 
  Import took 0.180383 seconds .

========================================================================
Received Import Request.
  Time since last request: 0.000237 seconds.
  path: Assets/Prototype5/Materials/Lvl 5 Textures/Lvl 5 Pressure Plate Mat/Lvl 5 Pressure Plate_lambert1_AO.png
  artifactKey: Guid(db9f5fb614773d14499c6c1758d15a6c) Importer(815301076,1909f56bfc062723c751e8b465ee728b)
Start importing Assets/Prototype5/Materials/Lvl 5 Textures/Lvl 5 Pressure Plate Mat/Lvl 5 Pressure Plate_lambert1_AO.png using Guid(db9f5fb614773d14499c6c1758d15a6c) Importer(815301076,1909f56bfc062723c751e8b465ee728b)  -> (artifact id: 'fc60c8ca3af32bb618a304bb1e545c12') in 0.014265 seconds 
  Import took 0.025638 seconds .

========================================================================
Received Import Request.
  Time since last request: 0.297828 seconds.
  path: Assets/Prototype5/Materials/Lvl 5 Textures/Lvl 5 Pressure Plate Mat/Lvl 5 Pressure Plate_lambert1_Height.png
  artifactKey: Guid(e67cb2d2030fc284d9134f9146f97d41) Importer(815301076,1909f56bfc062723c751e8b465ee728b)
Start importing Assets/Prototype5/Materials/Lvl 5 Textures/Lvl 5 Pressure Plate Mat/Lvl 5 Pressure Plate_lambert1_Height.png using Guid(e67cb2d2030fc284d9134f9146f97d41) Importer(815301076,1909f56bfc062723c751e8b465ee728b)  -> (artifact id: '811d2b59f0fa5edec35b4771659a87c2') in 0.022080 seconds 
  Import took 0.041323 seconds .

========================================================================
Received Import Request.
  Time since last request: 0.311875 seconds.
  path: Assets/Prototype5/Materials/Lvl 5 Textures/Lvl 5 Pressure Plate Mat/Lvl 5 Pressure Plate_lambert1_Metalic.png
  artifactKey: Guid(2bce6a3262624264c880f5b96ef3bd08) Importer(815301076,1909f56bfc062723c751e8b465ee728b)
Start importing Assets/Prototype5/Materials/Lvl 5 Textures/Lvl 5 Pressure Plate Mat/Lvl 5 Pressure Plate_lambert1_Metalic.png using Guid(2bce6a3262624264c880f5b96ef3bd08) Importer(815301076,1909f56bfc062723c751e8b465ee728b)  -> (artifact id: '7fb0255d5bf3ff1a7be60e9166263286') in 0.026276 seconds 
  Import took 0.037395 seconds .

========================================================================
Received Import Request.
  Time since last request: 0.363738 seconds.
  path: Assets/Prototype5/Materials/Lvl 5 Textures/Lvl 5 Pressure Plate Mat/Lvl 5 Pressure Plate_lambert1_Normal.png
  artifactKey: Guid(ebe7f2d799308564e837e03d2a6e6d25) Importer(815301076,1909f56bfc062723c751e8b465ee728b)
Start importing Assets/Prototype5/Materials/Lvl 5 Textures/Lvl 5 Pressure Plate Mat/Lvl 5 Pressure Plate_lambert1_Normal.png using Guid(ebe7f2d799308564e837e03d2a6e6d25) Importer(815301076,1909f56bfc062723c751e8b465ee728b)  -> (artifact id: '9a67dea5d7e7f73ba4f5f6a3e7383053') in 0.025693 seconds 
  Import took 0.046088 seconds .

========================================================================
Received Import Request.
  Time since last request: 18.651107 seconds.
  path: Assets/Prototype5/Models/Lvl 5 Pressure Plate.fbx
  artifactKey: Guid(9dfc56cf6dc1e8f4787b95bdbfe0f831) Importer(815301076,1909f56bfc062723c751e8b465ee728b)
Start importing Assets/Prototype5/Models/Lvl 5 Pressure Plate.fbx using Guid(9dfc56cf6dc1e8f4787b95bdbfe0f831) Importer(815301076,1909f56bfc062723c751e8b465ee728b)  -> (artifact id: '0cc9643b9b10d46b752f6caa8f61b4d0') in 0.033572 seconds 
  Import took 0.050146 seconds .

========================================================================
Received Import Request.
  Time since last request: 3.960062 seconds.
  path: Assets/Prototype5/Models/Lvl 5 Pressure Plate.fbx
  artifactKey: Guid(9dfc56cf6dc1e8f4787b95bdbfe0f831) Importer(815301076,1909f56bfc062723c751e8b465ee728b)
Start importing Assets/Prototype5/Models/Lvl 5 Pressure Plate.fbx using Guid(9dfc56cf6dc1e8f4787b95bdbfe0f831) Importer(815301076,1909f56bfc062723c751e8b465ee728b)  -> (artifact id: 'de2f84199480f4fd740280871d9cde53') in 0.028706 seconds 
  Import took 0.042696 seconds .

========================================================================
Received Prepare
Registering precompiled user dll's ...
Registered in 0.001666 seconds.
Begin MonoManager ReloadAssembly
Native extension for WindowsStandalone target not found
Refreshing native plugins compatible for Editor in 0.42 ms, found 0 plugins.
Preloading 0 native plugins for Editor in 0.00 ms.
Mono: successfully reloaded assembly
- Completed reload, in  1.047 seconds
Domain Reload Profiling:
	ReloadAssembly (1047ms)
		BeginReloadAssembly (195ms)
			ExecutionOrderSort (0ms)
			DisableScriptedObjects (8ms)
			BackupInstance (0ms)
			ReleaseScriptingObjects (0ms)
			CreateAndSetChildDomain (66ms)
		EndReloadAssembly (777ms)
			LoadAssemblies (126ms)
			RebuildTransferFunctionScriptingTraits (0ms)
			SetupTypeCache (250ms)
			ReleaseScriptCaches (1ms)
			RebuildScriptCaches (39ms)
			SetupLoadedEditorAssemblies (234ms)
				LogAssemblyErrors (0ms)
				InitializePlatformSupportModulesInManaged (6ms)
				SetLoadedEditorAssemblies (0ms)
				RefreshPlugins (0ms)
				BeforeProcessingInitializeOnLoad (88ms)
				ProcessInitializeOnLoadAttributes (121ms)
				ProcessInitializeOnLoadMethodAttributes (4ms)
				AfterProcessingInitializeOnLoad (14ms)
				EditorAssembliesLoaded (0ms)
			ExecutionOrderSort2 (0ms)
			AwakeInstancesAfterBackupRestoration (17ms)
Platform modules already initialized, skipping
Refreshing native plugins compatible for Editor in 0.40 ms, found 0 plugins.
Preloading 0 native plugins for Editor in 0.00 ms.
Unloading 2216 Unused Serialized files (Serialized files now loaded: 0)
System memory in use before: 117.3 MB.
System memory in use after: 117.5 MB.

Unloading 8 unused Assets to reduce memory usage. Loaded Objects now: 3018.
Total: 3.313400 ms (FindLiveObjects: 0.235200 ms CreateObjectMapping: 0.095300 ms MarkObjects: 2.910500 ms  DeleteObjects: 0.071100 ms)

AssetImportParameters requested are different than current active one (requested -> active):
  custom:framework-win-MediaFoundation: 216162199b28c13a410421893ffa2e32 -> 
  custom:video-decoder-ogg-theora: a1e56fd34408186e4bbccfd4996cb3dc -> 
  custom:container-muxer-webm: aa71ff27fc2769a1b78a27578f13a17b -> 
  custom:container-demuxer-webm: 4f35f7cbe854078d1ac9338744f61a02 -> 
  custom:container-demuxer-ogg: 62fdf1f143b41e24485cea50d1cbac27 -> 
  custom:video-encoder-webm-vp8: eb34c28f22e8b96e1ab97ce403110664 -> 
  custom:video-codec-MediaFoundation-h265: 746d11721c4dcdbdad8f713fa42b33f4 -> 
  custom:video-decoder-webm-vp8: 9c59270c3fd7afecdb556c50c9e8de78 -> 
  custom:audio-decoder-ogg-vorbis: bf7c407c2cedff20999df2af8eb42d56 -> 
  custom:audio-encoder-webm-vorbis: bf7c407c2cedff20999df2af8eb42d56 -> 
========================================================================
Received Import Request.
  Time since last request: 248.048770 seconds.
  path: Assets/Prototype5/Scenes/Proto_5_Lvl_5.unity
  artifactKey: Guid(bc6f60054b68fe84ba0f3a9fe222330e) Importer(815301076,1909f56bfc062723c751e8b465ee728b)
Start importing Assets/Prototype5/Scenes/Proto_5_Lvl_5.unity using Guid(bc6f60054b68fe84ba0f3a9fe222330e) Importer(815301076,1909f56bfc062723c751e8b465ee728b)  -> (artifact id: 'd2ea23c18b79c5d66917dc6d0b15b83a') in 0.060062 seconds 
  Import took 0.084948 seconds .

========================================================================
Received Import Request.
  Time since last request: 1556.025774 seconds.
  path: Assets/Prototype5/Models/Lvl 6 Deposit Metal.fbx
  artifactKey: Guid(0601452d9979b7e4388f7dab36cd2c8d) Importer(815301076,1909f56bfc062723c751e8b465ee728b)
Start importing Assets/Prototype5/Models/Lvl 6 Deposit Metal.fbx using Guid(0601452d9979b7e4388f7dab36cd2c8d) Importer(815301076,1909f56bfc062723c751e8b465ee728b)  -> (artifact id: 'd030d29f3de9a6d4565b7aa0323db847') in 0.256963 seconds 
  Import took 0.273569 seconds .

========================================================================
Received Import Request.
  Time since last request: 3.485042 seconds.
  path: Assets/Prototype5/Models/Lvl 6 Deposit Metal.fbx
  artifactKey: Guid(0601452d9979b7e4388f7dab36cd2c8d) Importer(815301076,1909f56bfc062723c751e8b465ee728b)
Start importing Assets/Prototype5/Models/Lvl 6 Deposit Metal.fbx using Guid(0601452d9979b7e4388f7dab36cd2c8d) Importer(815301076,1909f56bfc062723c751e8b465ee728b)  -> (artifact id: '523acd9f083b3d98392c3610f92ef24c') in 0.062813 seconds 
  Import took 0.075152 seconds .

========================================================================
Received Import Request.
  Time since last request: 5.491870 seconds.
  path: Assets/Prototype5/Models/Lvl 6 Deposit Wood.fbx
  artifactKey: Guid(fc7855cbdf6f2934e83a8a44d6884f48) Importer(815301076,1909f56bfc062723c751e8b465ee728b)
Start importing Assets/Prototype5/Models/Lvl 6 Deposit Wood.fbx using Guid(fc7855cbdf6f2934e83a8a44d6884f48) Importer(815301076,1909f56bfc062723c751e8b465ee728b)  -> (artifact id: '37a7dc7907f5bcd55a9d7691ce88feb6') in 0.034281 seconds 
  Import took 0.040597 seconds .

========================================================================
Received Import Request.
  Time since last request: 2.631773 seconds.
  path: Assets/Prototype5/Models/Lvl 6 Deposit Wood.fbx
  artifactKey: Guid(fc7855cbdf6f2934e83a8a44d6884f48) Importer(815301076,1909f56bfc062723c751e8b465ee728b)
Start importing Assets/Prototype5/Models/Lvl 6 Deposit Wood.fbx using Guid(fc7855cbdf6f2934e83a8a44d6884f48) Importer(815301076,1909f56bfc062723c751e8b465ee728b)  -> (artifact id: '8c55721c6acd61f25e5d3059410ff826') in 0.026096 seconds 
  Import took 0.029604 seconds .

========================================================================
Received Prepare
Registering precompiled user dll's ...
Registered in 0.001828 seconds.
Begin MonoManager ReloadAssembly
Native extension for WindowsStandalone target not found
Refreshing native plugins compatible for Editor in 0.40 ms, found 0 plugins.
Preloading 0 native plugins for Editor in 0.00 ms.
Mono: successfully reloaded assembly
- Completed reload, in  0.969 seconds
Domain Reload Profiling:
	ReloadAssembly (970ms)
		BeginReloadAssembly (144ms)
			ExecutionOrderSort (0ms)
			DisableScriptedObjects (6ms)
			BackupInstance (0ms)
			ReleaseScriptingObjects (0ms)
			CreateAndSetChildDomain (30ms)
		EndReloadAssembly (741ms)
			LoadAssemblies (117ms)
			RebuildTransferFunctionScriptingTraits (0ms)
			SetupTypeCache (237ms)
			ReleaseScriptCaches (1ms)
			RebuildScriptCaches (36ms)
			SetupLoadedEditorAssemblies (229ms)
				LogAssemblyErrors (0ms)
				InitializePlatformSupportModulesInManaged (5ms)
				SetLoadedEditorAssemblies (0ms)
				RefreshPlugins (0ms)
				BeforeProcessingInitializeOnLoad (86ms)
				ProcessInitializeOnLoadAttributes (118ms)
				ProcessInitializeOnLoadMethodAttributes (5ms)
				AfterProcessingInitializeOnLoad (14ms)
				EditorAssembliesLoaded (0ms)
			ExecutionOrderSort2 (0ms)
			AwakeInstancesAfterBackupRestoration (19ms)
Platform modules already initialized, skipping
Refreshing native plugins compatible for Editor in 0.47 ms, found 0 plugins.
Preloading 0 native plugins for Editor in 0.00 ms.
Unloading 2216 Unused Serialized files (Serialized files now loaded: 0)
System memory in use before: 117.4 MB.
System memory in use after: 117.6 MB.

Unloading 8 unused Assets to reduce memory usage. Loaded Objects now: 3056.
Total: 3.158400 ms (FindLiveObjects: 0.373700 ms CreateObjectMapping: 0.130200 ms MarkObjects: 2.586600 ms  DeleteObjects: 0.066600 ms)

AssetImportParameters requested are different than current active one (requested -> active):
  custom:framework-win-MediaFoundation: 216162199b28c13a410421893ffa2e32 -> 
  custom:video-decoder-ogg-theora: a1e56fd34408186e4bbccfd4996cb3dc -> 
  custom:container-muxer-webm: aa71ff27fc2769a1b78a27578f13a17b -> 
  custom:container-demuxer-webm: 4f35f7cbe854078d1ac9338744f61a02 -> 
  custom:container-demuxer-ogg: 62fdf1f143b41e24485cea50d1cbac27 -> 
  custom:video-encoder-webm-vp8: eb34c28f22e8b96e1ab97ce403110664 -> 
  custom:video-codec-MediaFoundation-h265: 746d11721c4dcdbdad8f713fa42b33f4 -> 
  custom:video-decoder-webm-vp8: 9c59270c3fd7afecdb556c50c9e8de78 -> 
  custom:audio-decoder-ogg-vorbis: bf7c407c2cedff20999df2af8eb42d56 -> 
  custom:audio-encoder-webm-vorbis: bf7c407c2cedff20999df2af8eb42d56 -> 
========================================================================
Received Import Request.
  Time since last request: 397.113786 seconds.
  path: Assets/Prototype5/Scenes/Proto_5_Lvl_6.unity
  artifactKey: Guid(6763c56c705415443b6030269b0c7b6b) Importer(815301076,1909f56bfc062723c751e8b465ee728b)
Start importing Assets/Prototype5/Scenes/Proto_5_Lvl_6.unity using Guid(6763c56c705415443b6030269b0c7b6b) Importer(815301076,1909f56bfc062723c751e8b465ee728b)  -> (artifact id: 'd3f7f6ecf0c5df247dc9d756b63f46ac') in 0.017774 seconds 
  Import took 0.021426 seconds .

========================================================================
Received Import Request.
  Time since last request: 8.284103 seconds.
  path: Assets/Prototype5/Scenes/Proto_5_Lvl_8.unity
  artifactKey: Guid(a9eca40009452b04fb0b9862d8111ce6) Importer(815301076,1909f56bfc062723c751e8b465ee728b)
Start importing Assets/Prototype5/Scenes/Proto_5_Lvl_8.unity using Guid(a9eca40009452b04fb0b9862d8111ce6) Importer(815301076,1909f56bfc062723c751e8b465ee728b)  -> (artifact id: '9835b9ea8e6c8467836841fb17a2f5b7') in 0.012253 seconds 
  Import took 0.026992 seconds .

========================================================================
Received Import Request.
  Time since last request: 2002.335626 seconds.
  path: Assets/Prototype5/Materials/Lvl 8 Textures/Lvl 8 Ice Mat
  artifactKey: Guid(c8bad1ca22815154887c4cba055e2605) Importer(815301076,1909f56bfc062723c751e8b465ee728b)
Start importing Assets/Prototype5/Materials/Lvl 8 Textures/Lvl 8 Ice Mat using Guid(c8bad1ca22815154887c4cba055e2605) Importer(815301076,1909f56bfc062723c751e8b465ee728b)  -> (artifact id: '44eb2cc97556eb013dc5ce78bfae9ef8') in 0.045463 seconds 
  Import took 0.089028 seconds .

========================================================================
Received Import Request.
  Time since last request: 9.568848 seconds.
  path: Assets/Prototype5/Materials/Lvl 8 Textures/Lvl 8 Ring Mat
  artifactKey: Guid(bfda3dbcd2a0a9046a94d305c49edadb) Importer(815301076,1909f56bfc062723c751e8b465ee728b)
Start importing Assets/Prototype5/Materials/Lvl 8 Textures/Lvl 8 Ring Mat using Guid(bfda3dbcd2a0a9046a94d305c49edadb) Importer(815301076,1909f56bfc062723c751e8b465ee728b)  -> (artifact id: 'c1e3112807fc6891f348ee00eb0c42a7') in 0.024787 seconds 
  Import took 0.046800 seconds .

========================================================================
Received Import Request.
  Time since last request: 43.171658 seconds.
  path: Assets/Prototype5/Models/Lvl 8 Obstacle.fbx
  artifactKey: Guid(ef5ea772503013346ba259a2ecc152d1) Importer(815301076,1909f56bfc062723c751e8b465ee728b)
Start importing Assets/Prototype5/Models/Lvl 8 Obstacle.fbx using Guid(ef5ea772503013346ba259a2ecc152d1) Importer(815301076,1909f56bfc062723c751e8b465ee728b)  -> (artifact id: '2fc7a4c13afdf7f449e02ceec1787677') in 0.580429 seconds 
  Import took 0.604506 seconds .

========================================================================
Received Import Request.
  Time since last request: 2.944675 seconds.
  path: Assets/Prototype5/Models/Lvl 8 Obstacle.fbx
  artifactKey: Guid(ef5ea772503013346ba259a2ecc152d1) Importer(815301076,1909f56bfc062723c751e8b465ee728b)
Start importing Assets/Prototype5/Models/Lvl 8 Obstacle.fbx using Guid(ef5ea772503013346ba259a2ecc152d1) Importer(815301076,1909f56bfc062723c751e8b465ee728b)  -> (artifact id: '8c8d65247880a1606ed727a182f0330d') in 0.072156 seconds 
  Import took 0.094561 seconds .

========================================================================
Received Prepare
Registering precompiled user dll's ...
Registered in 0.002139 seconds.
Begin MonoManager ReloadAssembly
Native extension for WindowsStandalone target not found
Refreshing native plugins compatible for Editor in 0.48 ms, found 0 plugins.
Preloading 0 native plugins for Editor in 0.00 ms.
Mono: successfully reloaded assembly
- Completed reload, in  1.508 seconds
Domain Reload Profiling:
	ReloadAssembly (1509ms)
		BeginReloadAssembly (334ms)
			ExecutionOrderSort (0ms)
			DisableScriptedObjects (7ms)
			BackupInstance (0ms)
			ReleaseScriptingObjects (0ms)
			CreateAndSetChildDomain (78ms)
		EndReloadAssembly (1077ms)
			LoadAssemblies (148ms)
			RebuildTransferFunctionScriptingTraits (0ms)
			SetupTypeCache (331ms)
			ReleaseScriptCaches (2ms)
			RebuildScriptCaches (46ms)
			SetupLoadedEditorAssemblies (313ms)
				LogAssemblyErrors (0ms)
				InitializePlatformSupportModulesInManaged (12ms)
				SetLoadedEditorAssemblies (0ms)
				RefreshPlugins (1ms)
				BeforeProcessingInitializeOnLoad (112ms)
				ProcessInitializeOnLoadAttributes (168ms)
				ProcessInitializeOnLoadMethodAttributes (5ms)
				AfterProcessingInitializeOnLoad (14ms)
				EditorAssembliesLoaded (0ms)
			ExecutionOrderSort2 (0ms)
			AwakeInstancesAfterBackupRestoration (20ms)
Platform modules already initialized, skipping
Refreshing native plugins compatible for Editor in 0.39 ms, found 0 plugins.
Preloading 0 native plugins for Editor in 0.00 ms.
Unloading 2216 Unused Serialized files (Serialized files now loaded: 0)
System memory in use before: 117.6 MB.
System memory in use after: 117.8 MB.

Unloading 8 unused Assets to reduce memory usage. Loaded Objects now: 3094.
Total: 3.073300 ms (FindLiveObjects: 0.229200 ms CreateObjectMapping: 0.093900 ms MarkObjects: 2.668000 ms  DeleteObjects: 0.081300 ms)

AssetImportParameters requested are different than current active one (requested -> active):
  custom:framework-win-MediaFoundation: 216162199b28c13a410421893ffa2e32 -> 
  custom:video-decoder-ogg-theora: a1e56fd34408186e4bbccfd4996cb3dc -> 
  custom:container-muxer-webm: aa71ff27fc2769a1b78a27578f13a17b -> 
  custom:container-demuxer-webm: 4f35f7cbe854078d1ac9338744f61a02 -> 
  custom:container-demuxer-ogg: 62fdf1f143b41e24485cea50d1cbac27 -> 
  custom:video-encoder-webm-vp8: eb34c28f22e8b96e1ab97ce403110664 -> 
  custom:video-codec-MediaFoundation-h265: 746d11721c4dcdbdad8f713fa42b33f4 -> 
  custom:video-decoder-webm-vp8: 9c59270c3fd7afecdb556c50c9e8de78 -> 
  custom:audio-decoder-ogg-vorbis: bf7c407c2cedff20999df2af8eb42d56 -> 
  custom:audio-encoder-webm-vorbis: bf7c407c2cedff20999df2af8eb42d56 -> 
========================================================================
Received Prepare
Registering precompiled user dll's ...
Registered in 0.001603 seconds.
Begin MonoManager ReloadAssembly
Native extension for WindowsStandalone target not found
Refreshing native plugins compatible for Editor in 0.40 ms, found 0 plugins.
Preloading 0 native plugins for Editor in 0.00 ms.
Mono: successfully reloaded assembly
- Completed reload, in  1.158 seconds
Domain Reload Profiling:
	ReloadAssembly (1158ms)
		BeginReloadAssembly (270ms)
			ExecutionOrderSort (0ms)
			DisableScriptedObjects (5ms)
			BackupInstance (0ms)
			ReleaseScriptingObjects (0ms)
			CreateAndSetChildDomain (41ms)
		EndReloadAssembly (814ms)
			LoadAssemblies (101ms)
			RebuildTransferFunctionScriptingTraits (0ms)
			SetupTypeCache (225ms)
			ReleaseScriptCaches (1ms)
			RebuildScriptCaches (38ms)
			SetupLoadedEditorAssemblies (301ms)
				LogAssemblyErrors (0ms)
				InitializePlatformSupportModulesInManaged (5ms)
				SetLoadedEditorAssemblies (0ms)
				RefreshPlugins (0ms)
				BeforeProcessingInitializeOnLoad (90ms)
				ProcessInitializeOnLoadAttributes (188ms)
				ProcessInitializeOnLoadMethodAttributes (4ms)
				AfterProcessingInitializeOnLoad (13ms)
				EditorAssembliesLoaded (0ms)
			ExecutionOrderSort2 (0ms)
			AwakeInstancesAfterBackupRestoration (20ms)
Platform modules already initialized, skipping
Refreshing native plugins compatible for Editor in 0.43 ms, found 0 plugins.
Preloading 0 native plugins for Editor in 0.00 ms.
Unloading 2216 Unused Serialized files (Serialized files now loaded: 0)
System memory in use before: 117.6 MB.
System memory in use after: 117.8 MB.

Unloading 8 unused Assets to reduce memory usage. Loaded Objects now: 3096.
Total: 3.150400 ms (FindLiveObjects: 0.243300 ms CreateObjectMapping: 0.098000 ms MarkObjects: 2.738600 ms  DeleteObjects: 0.069300 ms)

AssetImportParameters requested are different than current active one (requested -> active):
  custom:framework-win-MediaFoundation: 216162199b28c13a410421893ffa2e32 -> 
  custom:video-decoder-ogg-theora: a1e56fd34408186e4bbccfd4996cb3dc -> 
  custom:container-muxer-webm: aa71ff27fc2769a1b78a27578f13a17b -> 
  custom:container-demuxer-webm: 4f35f7cbe854078d1ac9338744f61a02 -> 
  custom:container-demuxer-ogg: 62fdf1f143b41e24485cea50d1cbac27 -> 
  custom:video-encoder-webm-vp8: eb34c28f22e8b96e1ab97ce403110664 -> 
  custom:video-codec-MediaFoundation-h265: 746d11721c4dcdbdad8f713fa42b33f4 -> 
  custom:video-decoder-webm-vp8: 9c59270c3fd7afecdb556c50c9e8de78 -> 
  custom:audio-decoder-ogg-vorbis: bf7c407c2cedff20999df2af8eb42d56 -> 
  custom:audio-encoder-webm-vorbis: bf7c407c2cedff20999df2af8eb42d56 -> 
========================================================================
Received Import Request.
  Time since last request: 440.111222 seconds.
  path: Assets/Prototype5/Models/Lvl 8 Obstacle.fbx
  artifactKey: Guid(ef5ea772503013346ba259a2ecc152d1) Importer(815301076,1909f56bfc062723c751e8b465ee728b)
Start importing Assets/Prototype5/Models/Lvl 8 Obstacle.fbx using Guid(ef5ea772503013346ba259a2ecc152d1) Importer(815301076,1909f56bfc062723c751e8b465ee728b)  -> (artifact id: '9e213ea94f60bdcc80821950fe631c80') in 0.314624 seconds 
  Import took 0.352480 seconds .

========================================================================
Received Import Request.
  Time since last request: 3.436542 seconds.
  path: Assets/Prototype5/Models/Lvl 8 Obstacle.fbx
  artifactKey: Guid(ef5ea772503013346ba259a2ecc152d1) Importer(815301076,1909f56bfc062723c751e8b465ee728b)
Start importing Assets/Prototype5/Models/Lvl 8 Obstacle.fbx using Guid(ef5ea772503013346ba259a2ecc152d1) Importer(815301076,1909f56bfc062723c751e8b465ee728b)  -> (artifact id: 'df1c54a7243ba2345018f9c3d0aa5764') in 0.055465 seconds 
  Import took 0.071672 seconds .

========================================================================
Received Import Request.
  Time since last request: 68.750580 seconds.
  path: Assets/Prototype5/Materials/Lvl 8 Textures/Lvl 8 Ice Mat/Lvl 8 Obstacle_lambert1_AO.png
  artifactKey: Guid(fcf83016739779645ad0da8a18af9623) Importer(815301076,1909f56bfc062723c751e8b465ee728b)
Start importing Assets/Prototype5/Materials/Lvl 8 Textures/Lvl 8 Ice Mat/Lvl 8 Obstacle_lambert1_AO.png using Guid(fcf83016739779645ad0da8a18af9623) Importer(815301076,1909f56bfc062723c751e8b465ee728b)  -> (artifact id: 'f3db78bb2444fddf1b75399d4f4d0211') in 0.087266 seconds 
  Import took 0.112067 seconds .

========================================================================
Received Import Request.
  Time since last request: 79.968169 seconds.
  path: Assets/Prototype5/Scenes/Proto_5_Lvl_9.unity
  artifactKey: Guid(5cac1b1807c959248a64feb92b2c6118) Importer(815301076,1909f56bfc062723c751e8b465ee728b)
Start importing Assets/Prototype5/Scenes/Proto_5_Lvl_9.unity using Guid(5cac1b1807c959248a64feb92b2c6118) Importer(815301076,1909f56bfc062723c751e8b465ee728b)  -> (artifact id: '85ea656b39c4bbc5134479b866edc8d9') in 0.006974 seconds 
  Import took 0.034598 seconds .

========================================================================
Received Import Request.
  Time since last request: 18.281008 seconds.
  path: Assets/Prototype5/Scenes/Proto_5_Lvl_8.unity
  artifactKey: Guid(a9eca40009452b04fb0b9862d8111ce6) Importer(815301076,1909f56bfc062723c751e8b465ee728b)
Start importing Assets/Prototype5/Scenes/Proto_5_Lvl_8.unity using Guid(a9eca40009452b04fb0b9862d8111ce6) Importer(815301076,1909f56bfc062723c751e8b465ee728b)  -> (artifact id: '37afe2e4a76eb7698111b39e29e51bf8') in 0.016255 seconds 
  Import took 0.039073 seconds .

========================================================================
Received Import Request.
  Time since last request: 3.773109 seconds.
  path: Assets/Prototype5/Scenes/Proto_5_Lvl_7.unity
  artifactKey: Guid(60188d6ce96b0144f84450a985e522d2) Importer(815301076,1909f56bfc062723c751e8b465ee728b)
Start importing Assets/Prototype5/Scenes/Proto_5_Lvl_7.unity using Guid(60188d6ce96b0144f84450a985e522d2) Importer(815301076,1909f56bfc062723c751e8b465ee728b)  -> (artifact id: 'f1321f116d5b874a1fb511488749e5ec') in 0.027983 seconds 
  Import took 0.048454 seconds .

========================================================================
Received Import Request.
  Time since last request: 17.527636 seconds.
  path: Assets/Prototype5/Scenes/Proto_5_Lvl_3.unity
  artifactKey: Guid(8428c8aea57640f43b4bd153a466be13) Importer(815301076,1909f56bfc062723c751e8b465ee728b)
Start importing Assets/Prototype5/Scenes/Proto_5_Lvl_3.unity using Guid(8428c8aea57640f43b4bd153a466be13) Importer(815301076,1909f56bfc062723c751e8b465ee728b)  -> (artifact id: '4511231611d91ecf2dce4cb46eed590d') in 0.001912 seconds 
  Import took 0.014290 seconds .

========================================================================
Received Import Request.
  Time since last request: 1.410461 seconds.
  path: Assets/Prototype5/Scenes/Proto_5_Lvl_2.unity
  artifactKey: Guid(17565cac7f81dfe40a645f9654bd8cd0) Importer(815301076,1909f56bfc062723c751e8b465ee728b)
Start importing Assets/Prototype5/Scenes/Proto_5_Lvl_2.unity using Guid(17565cac7f81dfe40a645f9654bd8cd0) Importer(815301076,1909f56bfc062723c751e8b465ee728b)  -> (artifact id: '262e5209954e52cff883ceb2c8122053') in 0.046869 seconds 
  Import took 0.073787 seconds .

========================================================================
Received Import Request.
  Time since last request: 1.421701 seconds.
  path: Assets/Prototype5/Scenes/Proto_5_Lvl_1.unity
  artifactKey: Guid(20107a9468d03e743a756fa62fedb479) Importer(815301076,1909f56bfc062723c751e8b465ee728b)
Start importing Assets/Prototype5/Scenes/Proto_5_Lvl_1.unity using Guid(20107a9468d03e743a756fa62fedb479) Importer(815301076,1909f56bfc062723c751e8b465ee728b)  -> (artifact id: 'ae1e03767cc5c439985ef572218f46a4') in 0.005346 seconds 
  Import took 0.030528 seconds .

========================================================================
Received Import Request.
  Time since last request: 3.149485 seconds.
  path: Assets/Prototype5/Scenes/Proto_5_Lvl_10.unity
  artifactKey: Guid(9abdb26260092134082756864aa9316a) Importer(815301076,1909f56bfc062723c751e8b465ee728b)
Start importing Assets/Prototype5/Scenes/Proto_5_Lvl_10.unity using Guid(9abdb26260092134082756864aa9316a) Importer(815301076,1909f56bfc062723c751e8b465ee728b)  -> (artifact id: '245fd2f73c81d2137adcb3fe2407bb08') in 0.007248 seconds 
  Import took 0.011383 seconds .

========================================================================
Received Import Request.
  Time since last request: 578.972923 seconds.
  path: Assets/Prototype5/Materials/Lvl 10 Textures/Lvl 10 Teleport 1
  artifactKey: Guid(535179284e52e474d9fc6cf458699329) Importer(815301076,1909f56bfc062723c751e8b465ee728b)
Start importing Assets/Prototype5/Materials/Lvl 10 Textures/Lvl 10 Teleport 1 using Guid(535179284e52e474d9fc6cf458699329) Importer(815301076,1909f56bfc062723c751e8b465ee728b)  -> (artifact id: 'afdc24e0a786ffb50d8a68a3cadad7e4') in 0.005255 seconds 
  Import took 0.031962 seconds .

========================================================================
Received Import Request.
  Time since last request: 0.309371 seconds.
  path: Assets/Prototype5/Materials/Lvl 10 Textures/Lvl 10 Teleport 2
  artifactKey: Guid(ae1db37d75d0ebe43906548c3444564e) Importer(815301076,1909f56bfc062723c751e8b465ee728b)
Start importing Assets/Prototype5/Materials/Lvl 10 Textures/Lvl 10 Teleport 2 using Guid(ae1db37d75d0ebe43906548c3444564e) Importer(815301076,1909f56bfc062723c751e8b465ee728b)  -> (artifact id: 'abddae174b525906bffe4b38aff0ee3d') in 0.009214 seconds 
  Import took 0.072687 seconds .

========================================================================
Received Import Request.
  Time since last request: 0.354189 seconds.
  path: Assets/Prototype5/Materials/Lvl 10 Textures/Lvl 10 Teleport 3
  artifactKey: Guid(1d4690f1b1d32d144909bfbe1540e7fb) Importer(815301076,1909f56bfc062723c751e8b465ee728b)
Start importing Assets/Prototype5/Materials/Lvl 10 Textures/Lvl 10 Teleport 3 using Guid(1d4690f1b1d32d144909bfbe1540e7fb) Importer(815301076,1909f56bfc062723c751e8b465ee728b)  -> (artifact id: 'ca9ea7754e8cba0c0ff83fa0062ee0f7') in 0.005079 seconds 
  Import took 0.024896 seconds .

========================================================================
Received Import Request.
  Time since last request: 4.543184 seconds.
  path: Assets/Prototype5/Materials/Lvl 10 Textures
  artifactKey: Guid(759d424679d9c1446a6f0d9604bcc9c5) Importer(815301076,1909f56bfc062723c751e8b465ee728b)
Start importing Assets/Prototype5/Materials/Lvl 10 Textures using Guid(759d424679d9c1446a6f0d9604bcc9c5) Importer(815301076,1909f56bfc062723c751e8b465ee728b)  -> (artifact id: '99b3f2cb141acd54a52c38751f57f55d') in 0.039383 seconds 
  Import took 0.089578 seconds .

========================================================================
Received Import Request.
  Time since last request: 1308.992702 seconds.
  path: Assets/Prototype5/Scenes/Proto_5_Lvl_1
  artifactKey: Guid(e21d86e103a02a44f83650336e4e1f4c) Importer(815301076,1909f56bfc062723c751e8b465ee728b)
Start importing Assets/Prototype5/Scenes/Proto_5_Lvl_1 using Guid(e21d86e103a02a44f83650336e4e1f4c) Importer(815301076,1909f56bfc062723c751e8b465ee728b)  -> (artifact id: 'a7c76aa0449b7f3ccab2e6e4fcefacb0') in 0.022423 seconds 
  Import took 0.043378 seconds .

========================================================================
Received Import Request.
  Time since last request: 30.639448 seconds.
  path: Assets/Prototype5/Scenes/Proto_5_Lvl_4.unity
  artifactKey: Guid(e66b79922bdb75f45a6d7ffba180bee6) Importer(815301076,1909f56bfc062723c751e8b465ee728b)
Start importing Assets/Prototype5/Scenes/Proto_5_Lvl_4.unity using Guid(e66b79922bdb75f45a6d7ffba180bee6) Importer(815301076,1909f56bfc062723c751e8b465ee728b)  -> (artifact id: '457ce2382db4dfbd6519d369200f7e57') in 0.022725 seconds 
  Import took 0.062010 seconds .

========================================================================
Received Import Request.
  Time since last request: 1.551543 seconds.
  path: Assets/Prototype5/Scenes/Proto_5_Lvl_5.unity
  artifactKey: Guid(bc6f60054b68fe84ba0f3a9fe222330e) Importer(815301076,1909f56bfc062723c751e8b465ee728b)
Start importing Assets/Prototype5/Scenes/Proto_5_Lvl_5.unity using Guid(bc6f60054b68fe84ba0f3a9fe222330e) Importer(815301076,1909f56bfc062723c751e8b465ee728b)  -> (artifact id: 'e5b9d55010eb027af4de9fcf11c1a56b') in 0.002282 seconds 
  Import took 0.118972 seconds .

========================================================================
Received Import Request.
  Time since last request: 49.796872 seconds.
  path: Assets/Prototype5/Scenes/Proto_5_Lvl_9.unity
  artifactKey: Guid(5cac1b1807c959248a64feb92b2c6118) Importer(815301076,1909f56bfc062723c751e8b465ee728b)
Start importing Assets/Prototype5/Scenes/Proto_5_Lvl_9.unity using Guid(5cac1b1807c959248a64feb92b2c6118) Importer(815301076,1909f56bfc062723c751e8b465ee728b)  -> (artifact id: '2315105c0c8ba8a856d36011073634e8') in 0.001960 seconds 
  Import took 0.023609 seconds .

========================================================================
Received Import Request.
  Time since last request: 2.421535 seconds.
  path: Assets/Prototype5/Scenes/Proto_5_Lvl_10.unity
  artifactKey: Guid(9abdb26260092134082756864aa9316a) Importer(815301076,1909f56bfc062723c751e8b465ee728b)
Start importing Assets/Prototype5/Scenes/Proto_5_Lvl_10.unity using Guid(9abdb26260092134082756864aa9316a) Importer(815301076,1909f56bfc062723c751e8b465ee728b)  -> (artifact id: '7d0b252c290961b3c6e711b636dc5990') in 0.002037 seconds 
  Import took 0.015505 seconds .

========================================================================
Received Prepare
Registering precompiled user dll's ...
Registered in 0.002066 seconds.
Begin MonoManager ReloadAssembly
Native extension for WindowsStandalone target not found
Refreshing native plugins compatible for Editor in 0.43 ms, found 0 plugins.
Preloading 0 native plugins for Editor in 0.00 ms.
Mono: successfully reloaded assembly
- Completed reload, in  1.089 seconds
Domain Reload Profiling:
	ReloadAssembly (1090ms)
		BeginReloadAssembly (234ms)
			ExecutionOrderSort (0ms)
			DisableScriptedObjects (9ms)
			BackupInstance (0ms)
			ReleaseScriptingObjects (0ms)
			CreateAndSetChildDomain (79ms)
		EndReloadAssembly (774ms)
			LoadAssemblies (133ms)
			RebuildTransferFunctionScriptingTraits (0ms)
			SetupTypeCache (246ms)
			ReleaseScriptCaches (1ms)
			RebuildScriptCaches (38ms)
			SetupLoadedEditorAssemblies (237ms)
				LogAssemblyErrors (0ms)
				InitializePlatformSupportModulesInManaged (5ms)
				SetLoadedEditorAssemblies (0ms)
				RefreshPlugins (0ms)
				BeforeProcessingInitializeOnLoad (87ms)
				ProcessInitializeOnLoadAttributes (126ms)
				ProcessInitializeOnLoadMethodAttributes (4ms)
				AfterProcessingInitializeOnLoad (14ms)
				EditorAssembliesLoaded (0ms)
			ExecutionOrderSort2 (0ms)
			AwakeInstancesAfterBackupRestoration (19ms)
Platform modules already initialized, skipping
Refreshing native plugins compatible for Editor in 0.45 ms, found 0 plugins.
Preloading 0 native plugins for Editor in 0.00 ms.
Unloading 2216 Unused Serialized files (Serialized files now loaded: 0)
System memory in use before: 117.8 MB.
System memory in use after: 118.0 MB.

Unloading 8 unused Assets to reduce memory usage. Loaded Objects now: 3134.
Total: 3.678100 ms (FindLiveObjects: 0.382400 ms CreateObjectMapping: 0.137800 ms MarkObjects: 3.057700 ms  DeleteObjects: 0.098400 ms)

AssetImportParameters requested are different than current active one (requested -> active):
  custom:framework-win-MediaFoundation: 216162199b28c13a410421893ffa2e32 -> 
  custom:video-decoder-ogg-theora: a1e56fd34408186e4bbccfd4996cb3dc -> 
  custom:container-muxer-webm: aa71ff27fc2769a1b78a27578f13a17b -> 
  custom:container-demuxer-webm: 4f35f7cbe854078d1ac9338744f61a02 -> 
  custom:container-demuxer-ogg: 62fdf1f143b41e24485cea50d1cbac27 -> 
  custom:video-encoder-webm-vp8: eb34c28f22e8b96e1ab97ce403110664 -> 
  custom:video-codec-MediaFoundation-h265: 746d11721c4dcdbdad8f713fa42b33f4 -> 
  custom:video-decoder-webm-vp8: 9c59270c3fd7afecdb556c50c9e8de78 -> 
  custom:audio-decoder-ogg-vorbis: bf7c407c2cedff20999df2af8eb42d56 -> 
  custom:audio-encoder-webm-vorbis: bf7c407c2cedff20999df2af8eb42d56 -> 
========================================================================
Received Import Request.
  Time since last request: 406.976631 seconds.
  path: Assets/Prototype5/Scenes/Proto_5_Lvl_10.unity
  artifactKey: Guid(9abdb26260092134082756864aa9316a) Importer(815301076,1909f56bfc062723c751e8b465ee728b)
Start importing Assets/Prototype5/Scenes/Proto_5_Lvl_10.unity using Guid(9abdb26260092134082756864aa9316a) Importer(815301076,1909f56bfc062723c751e8b465ee728b)  -> (artifact id: 'fdd280a972b099f2702bf8e427d32b31') in 0.037705 seconds 
  Import took 0.058212 seconds .

========================================================================
Received Import Request.
  Time since last request: 136.524766 seconds.
  path: Assets/Prototype5/Scenes/Proto_5_Lvl_10.unity
  artifactKey: Guid(9abdb26260092134082756864aa9316a) Importer(815301076,1909f56bfc062723c751e8b465ee728b)
Start importing Assets/Prototype5/Scenes/Proto_5_Lvl_10.unity using Guid(9abdb26260092134082756864aa9316a) Importer(815301076,1909f56bfc062723c751e8b465ee728b)  -> (artifact id: '4a16dd73a18598502a1b2cefcf0a3496') in 0.001953 seconds 
  Import took 0.026026 seconds .

========================================================================
Received Prepare
Registering precompiled user dll's ...
Registered in 0.001612 seconds.
Begin MonoManager ReloadAssembly
Native extension for WindowsStandalone target not found
Refreshing native plugins compatible for Editor in 0.40 ms, found 0 plugins.
Preloading 0 native plugins for Editor in 0.00 ms.
Mono: successfully reloaded assembly
- Completed reload, in  1.016 seconds
Domain Reload Profiling:
	ReloadAssembly (1016ms)
		BeginReloadAssembly (163ms)
			ExecutionOrderSort (0ms)
			DisableScriptedObjects (6ms)
			BackupInstance (0ms)
			ReleaseScriptingObjects (0ms)
			CreateAndSetChildDomain (53ms)
		EndReloadAssembly (773ms)
			LoadAssemblies (117ms)
			RebuildTransferFunctionScriptingTraits (0ms)
			SetupTypeCache (251ms)
			ReleaseScriptCaches (1ms)
			RebuildScriptCaches (41ms)
			SetupLoadedEditorAssemblies (240ms)
				LogAssemblyErrors (0ms)
				InitializePlatformSupportModulesInManaged (5ms)
				SetLoadedEditorAssemblies (1ms)
				RefreshPlugins (0ms)
				BeforeProcessingInitializeOnLoad (84ms)
				ProcessInitializeOnLoadAttributes (133ms)
				ProcessInitializeOnLoadMethodAttributes (4ms)
				AfterProcessingInitializeOnLoad (13ms)
				EditorAssembliesLoaded (0ms)
			ExecutionOrderSort2 (0ms)
			AwakeInstancesAfterBackupRestoration (19ms)
Platform modules already initialized, skipping
Refreshing native plugins compatible for Editor in 0.39 ms, found 0 plugins.
Preloading 0 native plugins for Editor in 0.00 ms.
Unloading 2216 Unused Serialized files (Serialized files now loaded: 0)
System memory in use before: 117.9 MB.
System memory in use after: 118.1 MB.

Unloading 8 unused Assets to reduce memory usage. Loaded Objects now: 3136.
Total: 3.216000 ms (FindLiveObjects: 0.241900 ms CreateObjectMapping: 0.099900 ms MarkObjects: 2.800700 ms  DeleteObjects: 0.072100 ms)

AssetImportParameters requested are different than current active one (requested -> active):
  custom:framework-win-MediaFoundation: 216162199b28c13a410421893ffa2e32 -> 
  custom:video-decoder-ogg-theora: a1e56fd34408186e4bbccfd4996cb3dc -> 
  custom:container-muxer-webm: aa71ff27fc2769a1b78a27578f13a17b -> 
  custom:container-demuxer-webm: 4f35f7cbe854078d1ac9338744f61a02 -> 
  custom:container-demuxer-ogg: 62fdf1f143b41e24485cea50d1cbac27 -> 
  custom:video-encoder-webm-vp8: eb34c28f22e8b96e1ab97ce403110664 -> 
  custom:video-codec-MediaFoundation-h265: 746d11721c4dcdbdad8f713fa42b33f4 -> 
  custom:video-decoder-webm-vp8: 9c59270c3fd7afecdb556c50c9e8de78 -> 
  custom:audio-decoder-ogg-vorbis: bf7c407c2cedff20999df2af8eb42d56 -> 
  custom:audio-encoder-webm-vorbis: bf7c407c2cedff20999df2af8eb42d56 -> 
========================================================================
Received Prepare
Registering precompiled user dll's ...
Registered in 0.001606 seconds.
Begin MonoManager ReloadAssembly
Native extension for WindowsStandalone target not found
Refreshing native plugins compatible for Editor in 0.39 ms, found 0 plugins.
Preloading 0 native plugins for Editor in 0.00 ms.
Mono: successfully reloaded assembly
- Completed reload, in  0.946 seconds
Domain Reload Profiling:
	ReloadAssembly (946ms)
		BeginReloadAssembly (158ms)
			ExecutionOrderSort (0ms)
			DisableScriptedObjects (5ms)
			BackupInstance (0ms)
			ReleaseScriptingObjects (0ms)
			CreateAndSetChildDomain (24ms)
		EndReloadAssembly (717ms)
			LoadAssemblies (110ms)
			RebuildTransferFunctionScriptingTraits (0ms)
			SetupTypeCache (216ms)
			ReleaseScriptCaches (1ms)
			RebuildScriptCaches (39ms)
			SetupLoadedEditorAssemblies (221ms)
				LogAssemblyErrors (0ms)
				InitializePlatformSupportModulesInManaged (5ms)
				SetLoadedEditorAssemblies (0ms)
				RefreshPlugins (0ms)
				BeforeProcessingInitializeOnLoad (83ms)
				ProcessInitializeOnLoadAttributes (116ms)
				ProcessInitializeOnLoadMethodAttributes (4ms)
				AfterProcessingInitializeOnLoad (13ms)
				EditorAssembliesLoaded (0ms)
			ExecutionOrderSort2 (0ms)
			AwakeInstancesAfterBackupRestoration (19ms)
Platform modules already initialized, skipping
Refreshing native plugins compatible for Editor in 0.40 ms, found 0 plugins.
Preloading 0 native plugins for Editor in 0.00 ms.
Unloading 2216 Unused Serialized files (Serialized files now loaded: 0)
System memory in use before: 117.9 MB.
System memory in use after: 118.1 MB.

Unloading 8 unused Assets to reduce memory usage. Loaded Objects now: 3138.
Total: 2.966600 ms (FindLiveObjects: 0.246600 ms CreateObjectMapping: 0.097900 ms MarkObjects: 2.553300 ms  DeleteObjects: 0.067800 ms)

AssetImportParameters requested are different than current active one (requested -> active):
  custom:framework-win-MediaFoundation: 216162199b28c13a410421893ffa2e32 -> 
  custom:video-decoder-ogg-theora: a1e56fd34408186e4bbccfd4996cb3dc -> 
  custom:container-muxer-webm: aa71ff27fc2769a1b78a27578f13a17b -> 
  custom:container-demuxer-webm: 4f35f7cbe854078d1ac9338744f61a02 -> 
  custom:container-demuxer-ogg: 62fdf1f143b41e24485cea50d1cbac27 -> 
  custom:video-encoder-webm-vp8: eb34c28f22e8b96e1ab97ce403110664 -> 
  custom:video-codec-MediaFoundation-h265: 746d11721c4dcdbdad8f713fa42b33f4 -> 
  custom:video-decoder-webm-vp8: 9c59270c3fd7afecdb556c50c9e8de78 -> 
  custom:audio-decoder-ogg-vorbis: bf7c407c2cedff20999df2af8eb42d56 -> 
  custom:audio-encoder-webm-vorbis: bf7c407c2cedff20999df2af8eb42d56 -> 
========================================================================
Received Prepare
Registering precompiled user dll's ...
Registered in 0.001662 seconds.
Begin MonoManager ReloadAssembly
Native extension for WindowsStandalone target not found
Refreshing native plugins compatible for Editor in 0.42 ms, found 0 plugins.
Preloading 0 native plugins for Editor in 0.00 ms.
Mono: successfully reloaded assembly
- Completed reload, in  1.209 seconds
Domain Reload Profiling:
	ReloadAssembly (1209ms)
		BeginReloadAssembly (127ms)
			ExecutionOrderSort (0ms)
			DisableScriptedObjects (5ms)
			BackupInstance (0ms)
			ReleaseScriptingObjects (0ms)
			CreateAndSetChildDomain (23ms)
		EndReloadAssembly (1012ms)
			LoadAssemblies (94ms)
			RebuildTransferFunctionScriptingTraits (0ms)
			SetupTypeCache (221ms)
			ReleaseScriptCaches (1ms)
			RebuildScriptCaches (36ms)
			SetupLoadedEditorAssemblies (529ms)
				LogAssemblyErrors (0ms)
				InitializePlatformSupportModulesInManaged (5ms)
				SetLoadedEditorAssemblies (0ms)
				RefreshPlugins (0ms)
				BeforeProcessingInitializeOnLoad (84ms)
				ProcessInitializeOnLoadAttributes (419ms)
				ProcessInitializeOnLoadMethodAttributes (5ms)
				AfterProcessingInitializeOnLoad (15ms)
				EditorAssembliesLoaded (0ms)
			ExecutionOrderSort2 (0ms)
			AwakeInstancesAfterBackupRestoration (21ms)
Platform modules already initialized, skipping
Refreshing native plugins compatible for Editor in 0.40 ms, found 0 plugins.
Preloading 0 native plugins for Editor in 0.00 ms.
Unloading 2216 Unused Serialized files (Serialized files now loaded: 0)
System memory in use before: 117.9 MB.
System memory in use after: 118.1 MB.

Unloading 8 unused Assets to reduce memory usage. Loaded Objects now: 3140.
Total: 2.888800 ms (FindLiveObjects: 0.254400 ms CreateObjectMapping: 0.095100 ms MarkObjects: 2.469800 ms  DeleteObjects: 0.068300 ms)

AssetImportParameters requested are different than current active one (requested -> active):
  custom:framework-win-MediaFoundation: 216162199b28c13a410421893ffa2e32 -> 
  custom:video-decoder-ogg-theora: a1e56fd34408186e4bbccfd4996cb3dc -> 
  custom:container-muxer-webm: aa71ff27fc2769a1b78a27578f13a17b -> 
  custom:container-demuxer-webm: 4f35f7cbe854078d1ac9338744f61a02 -> 
  custom:container-demuxer-ogg: 62fdf1f143b41e24485cea50d1cbac27 -> 
  custom:video-encoder-webm-vp8: eb34c28f22e8b96e1ab97ce403110664 -> 
  custom:video-codec-MediaFoundation-h265: 746d11721c4dcdbdad8f713fa42b33f4 -> 
  custom:video-decoder-webm-vp8: 9c59270c3fd7afecdb556c50c9e8de78 -> 
  custom:audio-decoder-ogg-vorbis: bf7c407c2cedff20999df2af8eb42d56 -> 
  custom:audio-encoder-webm-vorbis: bf7c407c2cedff20999df2af8eb42d56 -> 
AssetImportWorkerClient::OnTransportError - code=2 error=End of file
