Using pre-set license
Built from '2020.3/staging' branch; Version is '2020.3.11f1 (99c7afb366b3) revision 10078127'; Using compiler version '192528614'; Build Type 'Release'
OS: 'Windows 10 Pro; OS build 19041.1237; Version 2004; 64bit' Language: 'en' Physical Memory: 8098 MB
BatchMode: 1, IsHumanControllingUs: 0, StartBugReporterOnCrash: 0, Is64bit: 1, IsPro: 0

 COMMAND LINE ARGUMENTS:
G:\Unity\2020.3.11f1\Editor\Unity.exe
-adb2
-batchMode
-noUpm
-name
AssetImportWorker0
-projectPath
D:/JMC Academy/Tri 4/AGA312/AGA312_Sep21
-logFile
Logs/AssetImportWorker0.log
-srvPort
64576
Successfully changed project path to: D:/JMC Academy/Tri 4/AGA312/AGA312_Sep21
D:/JMC Academy/Tri 4/AGA312/AGA312_Sep21
Using Asset Import Pipeline V2.
Refreshing native plugins compatible for Editor in 34.77 ms, found 0 plugins.
Preloading 0 native plugins for Editor in 0.00 ms.
Initialize engine version: 2020.3.11f1 (99c7afb366b3)
[Subsystems] Discovering subsystems at path G:/Unity/2020.3.11f1/Editor/Data/Resources/UnitySubsystems
[Subsystems] Discovering subsystems at path D:/JMC Academy/Tri 4/AGA312/AGA312_Sep21/Assets
GfxDevice: creating device client; threaded=0
Direct3D:
    Version:  Direct3D 11.0 [level 11.1]
    Renderer: NVIDIA GeForce GTX 1060 3GB (ID=0x1c02)
    Vendor:   
    VRAM:     2988 MB
    Driver:   27.21.14.5671
Shader 'Universal Render Pipeline/Particles/Lit': fallback shader 'Universal Render Pipeline/Particles/SimpleLit' not found
Initialize mono
Mono path[0] = 'G:/Unity/2020.3.11f1/Editor/Data/Managed'
Mono path[1] = 'G:/Unity/2020.3.11f1/Editor/Data/MonoBleedingEdge/lib/mono/unityjit'
Mono config path = 'G:/Unity/2020.3.11f1/Editor/Data/MonoBleedingEdge/etc'
Using monoOptions --debugger-agent=transport=dt_socket,embedding=1,server=y,suspend=n,address=127.0.0.1:56804
Begin MonoManager ReloadAssembly
Registering precompiled unity dll's ...
Register platform support module: G:/Unity/2020.3.11f1/Editor/Data/PlaybackEngines/WebGLSupport/UnityEditor.WebGL.Extensions.dll
Register platform support module: G:/Unity/2020.3.11f1/Editor/Data/PlaybackEngines/WindowsStandaloneSupport/UnityEditor.WindowsStandalone.Extensions.dll
Registered in 0.004633 seconds.
Native extension for WindowsStandalone target not found
Native extension for WebGL target not found
Refreshing native plugins compatible for Editor in 33.61 ms, found 0 plugins.
Preloading 0 native plugins for Editor in 0.00 ms.
Mono: successfully reloaded assembly
- Completed reload, in  1.334 seconds
Platform modules already initialized, skipping
Registering precompiled user dll's ...
Registered in 0.000962 seconds.
Begin MonoManager ReloadAssembly
Native extension for WindowsStandalone target not found
Native extension for WebGL target not found
Refreshing native plugins compatible for Editor in 34.73 ms, found 0 plugins.
Preloading 0 native plugins for Editor in 0.00 ms.
Mono: successfully reloaded assembly
- Completed reload, in  0.905 seconds
Platform modules already initialized, skipping
========================================================================
Worker process is ready to serve import requests
Shader 'Universal Render Pipeline/Particles/Lit': fallback shader 'Universal Render Pipeline/Particles/SimpleLit' not found
Launched and connected shader compiler UnityShaderCompiler.exe after 0.05 seconds
Refreshing native plugins compatible for Editor in 0.33 ms, found 0 plugins.
Preloading 0 native plugins for Editor in 0.00 ms.
Unloading 1942 Unused Serialized files (Serialized files now loaded: 0)
System memory in use before: 101.3 MB.
System memory in use after: 100.7 MB.

Unloading 27 unused Assets to reduce memory usage. Loaded Objects now: 2372.
Total: 2.298000 ms (FindLiveObjects: 0.182700 ms CreateObjectMapping: 0.099000 ms MarkObjects: 1.669900 ms  DeleteObjects: 0.345100 ms)

========================================================================
Received Import Request.
  path: Assets/Prototype1/Materials/FX_Dust.mat
  artifactKey: Guid(cd97a4f0bfba00a46a4a29156f2a23bd) Importer(815301076,1909f56bfc062723c751e8b465ee728b)
Start importing Assets/Prototype1/Materials/FX_Dust.mat using Guid(cd97a4f0bfba00a46a4a29156f2a23bd) Importer(815301076,1909f56bfc062723c751e8b465ee728b)  -> (artifact id: '313559e9bbb987d7375ad120d36b6667') in 0.238394 seconds
  Import took 0.241656 seconds .

========================================================================
Received Import Request.
  Time since last request: 1.029084 seconds.
  path: Assets/Prototype4
  artifactKey: Guid(1da68fa8cc22eb74a8dd70efffe03946) Importer(815301076,1909f56bfc062723c751e8b465ee728b)
Start importing Assets/Prototype4 using Guid(1da68fa8cc22eb74a8dd70efffe03946) Importer(815301076,1909f56bfc062723c751e8b465ee728b)  -> (artifact id: 'cc65dc5590e4097e71ce6facbf93a026') in 0.005842 seconds
  Import took 0.008576 seconds .

========================================================================
Received Import Request.
  Time since last request: 1.860670 seconds.
  path: Assets/Scenes
  artifactKey: Guid(f05ba4d60122a499da9a1c60fcc26e95) Importer(815301076,1909f56bfc062723c751e8b465ee728b)
Start importing Assets/Scenes using Guid(f05ba4d60122a499da9a1c60fcc26e95) Importer(815301076,1909f56bfc062723c751e8b465ee728b)  -> (artifact id: '9ddc853d002a017e25179b6f95410180') in 0.001699 seconds
  Import took 0.004472 seconds .

========================================================================
Received Import Request.
  Time since last request: 97.248140 seconds.
  path: Assets/Prototype1/Scenes/Project_1.unity
  artifactKey: Guid(a4b96ad7a65484fd4a83cb97540eee50) Importer(815301076,1909f56bfc062723c751e8b465ee728b)
Start importing Assets/Prototype1/Scenes/Project_1.unity using Guid(a4b96ad7a65484fd4a83cb97540eee50) Importer(815301076,1909f56bfc062723c751e8b465ee728b)  -> (artifact id: 'ea865a2b66d3818b5e381f231a9d86c5') in 0.007625 seconds
  Import took 0.023668 seconds .

========================================================================
Received Import Request.
  Time since last request: 42.130421 seconds.
  path: Assets/Prototype1/Materials/Textures/PolygonMinis_Texture_01_Purple.png
  artifactKey: Guid(9b654102de6ae3749a41941671a2cbe7) Importer(815301076,1909f56bfc062723c751e8b465ee728b)
Start importing Assets/Prototype1/Materials/Textures/PolygonMinis_Texture_01_Purple.png using Guid(9b654102de6ae3749a41941671a2cbe7) Importer(815301076,1909f56bfc062723c751e8b465ee728b)  -> (artifact id: 'ed40245acfc39366cf4a6f6b3b697901') in 0.022802 seconds
  Import took 0.025597 seconds .

========================================================================
Received Import Request.
  Time since last request: 0.022630 seconds.
  path: Assets/Prototype1/Materials/Textures/PolygonMinis_Texture_01_Purple.png
  artifactKey: Guid(9b654102de6ae3749a41941671a2cbe7) Importer(815301076,1909f56bfc062723c751e8b465ee728b)
Start importing Assets/Prototype1/Materials/Textures/PolygonMinis_Texture_01_Purple.png using Guid(9b654102de6ae3749a41941671a2cbe7) Importer(815301076,1909f56bfc062723c751e8b465ee728b)  -> (artifact id: 'ed40245acfc39366cf4a6f6b3b697901') in 0.008428 seconds
  Import took 0.011596 seconds .

========================================================================
Received Import Request.
  Time since last request: 0.256233 seconds.
  path: Assets/Prototype1/Materials/Textures/PolygonPrototype_Texture_Grid_05.png
  artifactKey: Guid(8634f8cf5ba74134c972fb2d36355077) Importer(815301076,1909f56bfc062723c751e8b465ee728b)
Start importing Assets/Prototype1/Materials/Textures/PolygonPrototype_Texture_Grid_05.png using Guid(8634f8cf5ba74134c972fb2d36355077) Importer(815301076,1909f56bfc062723c751e8b465ee728b)  -> (artifact id: '9d589c8bb23b41523f862783a77c8224') in 0.008491 seconds
  Import took 0.011794 seconds .

========================================================================
Received Import Request.
  Time since last request: 0.560229 seconds.
  path: Assets/Prototype1/Materials/Textures/SimpleSky.png
  artifactKey: Guid(7bab9ac1487e10c40b9ed77d4c551e04) Importer(815301076,1909f56bfc062723c751e8b465ee728b)
Start importing Assets/Prototype1/Materials/Textures/SimpleSky.png using Guid(7bab9ac1487e10c40b9ed77d4c551e04) Importer(815301076,1909f56bfc062723c751e8b465ee728b)  -> (artifact id: 'e04db7f6a5b8acfc088314ee9eadfd68') in 0.010390 seconds
  Import took 0.013619 seconds .

========================================================================
Received Import Request.
  Time since last request: 0.003366 seconds.
  path: Assets/Prototype1/Materials/Textures/SimpleSky.png
  artifactKey: Guid(7bab9ac1487e10c40b9ed77d4c551e04) Importer(815301076,1909f56bfc062723c751e8b465ee728b)
Start importing Assets/Prototype1/Materials/Textures/SimpleSky.png using Guid(7bab9ac1487e10c40b9ed77d4c551e04) Importer(815301076,1909f56bfc062723c751e8b465ee728b)  -> (artifact id: 'e04db7f6a5b8acfc088314ee9eadfd68') in 0.007504 seconds
  Import took 0.010767 seconds .

========================================================================
Received Import Request.
  Time since last request: 18.393335 seconds.
  path: Assets/Prototype1/Materials/Textures/PolygonPrototype_Texture_Grid_Glass_01.png
  artifactKey: Guid(1432e62c10501d147a873c128326f711) Importer(815301076,1909f56bfc062723c751e8b465ee728b)
Start importing Assets/Prototype1/Materials/Textures/PolygonPrototype_Texture_Grid_Glass_01.png using Guid(1432e62c10501d147a873c128326f711) Importer(815301076,1909f56bfc062723c751e8b465ee728b)  -> (artifact id: 'ada512019914d44d8018ab41d6f08d2d') in 0.009423 seconds
  Import took 0.020643 seconds .

========================================================================
Received Import Request.
  Time since last request: 75.360893 seconds.
  path: Assets/Prototype1/Materials/Textures/PolygonPrototype_Texture_Grid_02.png
  artifactKey: Guid(6b38ffdcc39b96042a822bb3f490eefd) Importer(815301076,1909f56bfc062723c751e8b465ee728b)
Start importing Assets/Prototype1/Materials/Textures/PolygonPrototype_Texture_Grid_02.png using Guid(6b38ffdcc39b96042a822bb3f490eefd) Importer(815301076,1909f56bfc062723c751e8b465ee728b)  -> (artifact id: '1db6ae8f26d1ec00996489c9a2b6228f') in 0.008415 seconds
  Import took 0.011803 seconds .

========================================================================
Received Import Request.
  Time since last request: 0.621944 seconds.
  path: Assets/Prototype1/Materials/Textures/PolygonPrototype_Texture_Grid_06.png
  artifactKey: Guid(bbc54c0e722a346408cd09eef6dc0cd6) Importer(815301076,1909f56bfc062723c751e8b465ee728b)
Start importing Assets/Prototype1/Materials/Textures/PolygonPrototype_Texture_Grid_06.png using Guid(bbc54c0e722a346408cd09eef6dc0cd6) Importer(815301076,1909f56bfc062723c751e8b465ee728b)  -> (artifact id: '3510b99a0fa80f075d791b6e5df927bf') in 0.008248 seconds
  Import took 0.011188 seconds .

========================================================================
Received Import Request.
  Time since last request: 0.845707 seconds.
  path: Assets/Prototype1/Materials/Textures/PolygonPrototype_Texture_Grid_07.png
  artifactKey: Guid(7789f4efbb0f45c4780925243375a18e) Importer(815301076,1909f56bfc062723c751e8b465ee728b)
Start importing Assets/Prototype1/Materials/Textures/PolygonPrototype_Texture_Grid_07.png using Guid(7789f4efbb0f45c4780925243375a18e) Importer(815301076,1909f56bfc062723c751e8b465ee728b)  -> (artifact id: '490c0479036a0a3ffa89d7d3654304be') in 0.008811 seconds
  Import took 0.012067 seconds .

========================================================================
Received Import Request.
  Time since last request: 0.579102 seconds.
  path: Assets/Prototype1/Materials/Textures/PolygonPrototype_Texture_Grid_04.png
  artifactKey: Guid(c7c5239ae4b2ace4d8774918a50a940a) Importer(815301076,1909f56bfc062723c751e8b465ee728b)
Start importing Assets/Prototype1/Materials/Textures/PolygonPrototype_Texture_Grid_04.png using Guid(c7c5239ae4b2ace4d8774918a50a940a) Importer(815301076,1909f56bfc062723c751e8b465ee728b)  -> (artifact id: 'c99aa1efa66acad108c2feb7575b5876') in 0.008184 seconds
  Import took 0.011318 seconds .

========================================================================
Received Import Request.
  Time since last request: 0.289135 seconds.
  path: Assets/Prototype1/Materials/Textures/PolygonPrototype_Texture_Grid_03.png
  artifactKey: Guid(86507321c175292409cc422c5e33d711) Importer(815301076,1909f56bfc062723c751e8b465ee728b)
Start importing Assets/Prototype1/Materials/Textures/PolygonPrototype_Texture_Grid_03.png using Guid(86507321c175292409cc422c5e33d711) Importer(815301076,1909f56bfc062723c751e8b465ee728b)  -> (artifact id: 'bf1c0fea74dd9c778108795fd31ceedb') in 0.007478 seconds
  Import took 0.010365 seconds .

========================================================================
Received Import Request.
  Time since last request: 5.437698 seconds.
  path: Assets/Prototype1/Materials/Textures/Sky/SkyDome.prefab
  artifactKey: Guid(363a8f737719f4d2eafb35f885f3706f) Importer(815301076,1909f56bfc062723c751e8b465ee728b)
Start importing Assets/Prototype1/Materials/Textures/Sky/SkyDome.prefab using Guid(363a8f737719f4d2eafb35f885f3706f) Importer(815301076,1909f56bfc062723c751e8b465ee728b)  -> (artifact id: 'f31b51cf6d1083aaecf68cffca239768') in 0.027979 seconds
  Import took 0.030859 seconds .

========================================================================
Received Import Request.
  Time since last request: 19.761493 seconds.
  path: Assets/Prototype1/Materials/FX_Mist.prefab
  artifactKey: Guid(3fd5555088952419ebf0eb82e9096fa5) Importer(815301076,1909f56bfc062723c751e8b465ee728b)
Start importing Assets/Prototype1/Materials/FX_Mist.prefab using Guid(3fd5555088952419ebf0eb82e9096fa5) Importer(815301076,1909f56bfc062723c751e8b465ee728b)  -> (artifact id: '6b9c373c2c4376a6c1c9c38f9b82935f') in 0.009803 seconds
  Import took 0.013313 seconds .

========================================================================
Received Prepare
Registering precompiled user dll's ...
Registered in 0.000967 seconds.
Begin MonoManager ReloadAssembly
Native extension for WindowsStandalone target not found
Native extension for WebGL target not found
Refreshing native plugins compatible for Editor in 0.30 ms, found 0 plugins.
Preloading 0 native plugins for Editor in 0.00 ms.
Mono: successfully reloaded assembly
- Completed reload, in  0.868 seconds
Platform modules already initialized, skipping
Shader 'Universal Render Pipeline/Particles/Lit': fallback shader 'Universal Render Pipeline/Particles/SimpleLit' not found
Refreshing native plugins compatible for Editor in 0.30 ms, found 0 plugins.
Preloading 0 native plugins for Editor in 0.00 ms.
Unloading 1851 Unused Serialized files (Serialized files now loaded: 0)
System memory in use before: 101.5 MB.
System memory in use after: 101.0 MB.

Unloading 24 unused Assets to reduce memory usage. Loaded Objects now: 2456.
Total: 2.355400 ms (FindLiveObjects: 0.181200 ms CreateObjectMapping: 0.066900 ms MarkObjects: 1.818600 ms  DeleteObjects: 0.287700 ms)

AssetImportWorkerClient::OnTransportError - code=2 error=End of file
