Using pre-set license
Built from '2020.3/staging' branch; Version is '2020.3.20f1 (41c4e627c95f) revision 4310246'; Using compiler version '192528614'; Build Type 'Release'
OS: 'Windows 10 Pro; OS build 19041.1415; Version 2004; 64bit' Language: 'en' Physical Memory: 8098 MB
BatchMode: 1, IsHumanControllingUs: 0, StartBugReporterOnCrash: 0, Is64bit: 1, IsPro: 0

COMMAND LINE ARGUMENTS:
G:\Unity\2020.3.20f1\Editor\Unity.exe
-adb2
-batchMode
-noUpm
-name
AssetImportWorker1
-projectPath
D:/JMC Academy/Tri 4/AGA312/AGA312_Sep21
-logFile
Logs/AssetImportWorker1.log
-srvPort
59310
Successfully changed project path to: D:/JMC Academy/Tri 4/AGA312/AGA312_Sep21
D:/JMC Academy/Tri 4/AGA312/AGA312_Sep21
Using Asset Import Pipeline V2.
Refreshing native plugins compatible for Editor in 81.47 ms, found 0 plugins.
Preloading 0 native plugins for Editor in 0.00 ms.
Initialize engine version: 2020.3.20f1 (41c4e627c95f)
[Subsystems] Discovering subsystems at path G:/Unity/2020.3.20f1/Editor/Data/Resources/UnitySubsystems
[Subsystems] Discovering subsystems at path D:/JMC Academy/Tri 4/AGA312/AGA312_Sep21/Assets
GfxDevice: creating device client; threaded=0
Direct3D:
    Version:  Direct3D 11.0 [level 11.1]
    Renderer: NVIDIA GeForce GTX 1060 3GB (ID=0x1c02)
    Vendor:   
    VRAM:     2988 MB
    Driver:   27.21.14.5671
Initialize mono
Mono path[0] = 'G:/Unity/2020.3.20f1/Editor/Data/Managed'
Mono path[1] = 'G:/Unity/2020.3.20f1/Editor/Data/MonoBleedingEdge/lib/mono/unityjit'
Mono config path = 'G:/Unity/2020.3.20f1/Editor/Data/MonoBleedingEdge/etc'
Using monoOptions --debugger-agent=transport=dt_socket,embedding=1,server=y,suspend=n,address=127.0.0.1:56844
Begin MonoManager ReloadAssembly
Registering precompiled unity dll's ...
Register platform support module: G:/Unity/2020.3.20f1/Editor/Data/PlaybackEngines/WindowsStandaloneSupport/UnityEditor.WindowsStandalone.Extensions.dll
Registered in 0.003895 seconds.
Native extension for WindowsStandalone target not found
Refreshing native plugins compatible for Editor in 41.64 ms, found 0 plugins.
Preloading 0 native plugins for Editor in 0.00 ms.
Mono: successfully reloaded assembly
- Completed reload, in  1.199 seconds
Domain Reload Profiling:
	ReloadAssembly (1199ms)
		BeginReloadAssembly (68ms)
			ExecutionOrderSort (0ms)
			DisableScriptedObjects (0ms)
			BackupInstance (0ms)
			ReleaseScriptingObjects (0ms)
			CreateAndSetChildDomain (1ms)
		EndReloadAssembly (403ms)
			LoadAssemblies (64ms)
			RebuildTransferFunctionScriptingTraits (0ms)
			SetupTypeCache (139ms)
			ReleaseScriptCaches (0ms)
			RebuildScriptCaches (29ms)
			SetupLoadedEditorAssemblies (161ms)
				LogAssemblyErrors (0ms)
				InitializePlatformSupportModulesInManaged (4ms)
				SetLoadedEditorAssemblies (0ms)
				RefreshPlugins (42ms)
				BeforeProcessingInitializeOnLoad (15ms)
				ProcessInitializeOnLoadAttributes (74ms)
				ProcessInitializeOnLoadMethodAttributes (26ms)
				AfterProcessingInitializeOnLoad (0ms)
				EditorAssembliesLoaded (0ms)
			ExecutionOrderSort2 (0ms)
			AwakeInstancesAfterBackupRestoration (0ms)
Platform modules already initialized, skipping
Registering precompiled user dll's ...
Registered in 0.001589 seconds.
Begin MonoManager ReloadAssembly
Native extension for WindowsStandalone target not found
Refreshing native plugins compatible for Editor in 43.10 ms, found 0 plugins.
Preloading 0 native plugins for Editor in 0.00 ms.
Mono: successfully reloaded assembly
- Completed reload, in  1.125 seconds
Domain Reload Profiling:
	ReloadAssembly (1127ms)
		BeginReloadAssembly (162ms)
			ExecutionOrderSort (0ms)
			DisableScriptedObjects (5ms)
			BackupInstance (0ms)
			ReleaseScriptingObjects (0ms)
			CreateAndSetChildDomain (17ms)
		EndReloadAssembly (896ms)
			LoadAssemblies (247ms)
			RebuildTransferFunctionScriptingTraits (0ms)
			SetupTypeCache (224ms)
			ReleaseScriptCaches (0ms)
			RebuildScriptCaches (44ms)
			SetupLoadedEditorAssemblies (263ms)
				LogAssemblyErrors (0ms)
				InitializePlatformSupportModulesInManaged (4ms)
				SetLoadedEditorAssemblies (0ms)
				RefreshPlugins (43ms)
				BeforeProcessingInitializeOnLoad (94ms)
				ProcessInitializeOnLoadAttributes (103ms)
				ProcessInitializeOnLoadMethodAttributes (4ms)
				AfterProcessingInitializeOnLoad (13ms)
				EditorAssembliesLoaded (0ms)
			ExecutionOrderSort2 (0ms)
			AwakeInstancesAfterBackupRestoration (6ms)
Platform modules already initialized, skipping
========================================================================
Worker process is ready to serve import requests
Launched and connected shader compiler UnityShaderCompiler.exe after 0.21 seconds
Refreshing native plugins compatible for Editor in 0.70 ms, found 0 plugins.
Preloading 0 native plugins for Editor in 0.00 ms.
Unloading 2360 Unused Serialized files (Serialized files now loaded: 0)
System memory in use before: 122.0 MB.
System memory in use after: 122.1 MB.

Unloading 12 unused Assets to reduce memory usage. Loaded Objects now: 2812.
Total: 17.536700 ms (FindLiveObjects: 0.356900 ms CreateObjectMapping: 0.160300 ms MarkObjects: 16.885000 ms  DeleteObjects: 0.132300 ms)

AssetImportParameters requested are different than current active one (requested -> active):
  custom:framework-win-MediaFoundation: 216162199b28c13a410421893ffa2e32 -> 
  custom:video-decoder-ogg-theora: a1e56fd34408186e4bbccfd4996cb3dc -> 
  custom:container-muxer-webm: aa71ff27fc2769a1b78a27578f13a17b -> 
  custom:container-demuxer-webm: 4f35f7cbe854078d1ac9338744f61a02 -> 
  custom:container-demuxer-ogg: 62fdf1f143b41e24485cea50d1cbac27 -> 
  custom:video-encoder-webm-vp8: eb34c28f22e8b96e1ab97ce403110664 -> 
  custom:video-codec-MediaFoundation-h265: 746d11721c4dcdbdad8f713fa42b33f4 -> 
  custom:video-decoder-webm-vp8: 9c59270c3fd7afecdb556c50c9e8de78 -> 
  custom:audio-decoder-ogg-vorbis: bf7c407c2cedff20999df2af8eb42d56 -> 
  custom:audio-encoder-webm-vorbis: bf7c407c2cedff20999df2af8eb42d56 -> 
========================================================================
Received Import Request.
  path: Assets/Prototype5/Models/Lvl 1 Blocks.fbx
  artifactKey: Guid(ba6dc8fa663109247b9d3ec2e69ae37b) Importer(815301076,1909f56bfc062723c751e8b465ee728b)
Start importing Assets/Prototype5/Models/Lvl 1 Blocks.fbx using Guid(ba6dc8fa663109247b9d3ec2e69ae37b) Importer(815301076,1909f56bfc062723c751e8b465ee728b)  -> (artifact id: 'c048851feb7d3122cfc6fc659d03afec') in 0.958944 seconds 
  Import took 1.034971 seconds .

========================================================================
Received Prepare
Registering precompiled user dll's ...
Registered in 0.001600 seconds.
Begin MonoManager ReloadAssembly
Native extension for WindowsStandalone target not found
Refreshing native plugins compatible for Editor in 0.38 ms, found 0 plugins.
Preloading 0 native plugins for Editor in 0.00 ms.
Mono: successfully reloaded assembly
- Completed reload, in  0.928 seconds
Domain Reload Profiling:
	ReloadAssembly (928ms)
		BeginReloadAssembly (141ms)
			ExecutionOrderSort (0ms)
			DisableScriptedObjects (5ms)
			BackupInstance (0ms)
			ReleaseScriptingObjects (0ms)
			CreateAndSetChildDomain (26ms)
		EndReloadAssembly (720ms)
			LoadAssemblies (95ms)
			RebuildTransferFunctionScriptingTraits (0ms)
			SetupTypeCache (210ms)
			ReleaseScriptCaches (1ms)
			RebuildScriptCaches (35ms)
			SetupLoadedEditorAssemblies (223ms)
				LogAssemblyErrors (0ms)
				InitializePlatformSupportModulesInManaged (4ms)
				SetLoadedEditorAssemblies (0ms)
				RefreshPlugins (0ms)
				BeforeProcessingInitializeOnLoad (87ms)
				ProcessInitializeOnLoadAttributes (114ms)
				ProcessInitializeOnLoadMethodAttributes (4ms)
				AfterProcessingInitializeOnLoad (13ms)
				EditorAssembliesLoaded (0ms)
			ExecutionOrderSort2 (0ms)
			AwakeInstancesAfterBackupRestoration (16ms)
Platform modules already initialized, skipping
Refreshing native plugins compatible for Editor in 0.39 ms, found 0 plugins.
Preloading 0 native plugins for Editor in 0.00 ms.
Unloading 2216 Unused Serialized files (Serialized files now loaded: 0)
System memory in use before: 116.9 MB.
System memory in use after: 117.1 MB.

Unloading 8 unused Assets to reduce memory usage. Loaded Objects now: 2895.
Total: 2.827200 ms (FindLiveObjects: 0.217200 ms CreateObjectMapping: 0.102300 ms MarkObjects: 2.441100 ms  DeleteObjects: 0.065700 ms)

AssetImportParameters requested are different than current active one (requested -> active):
  custom:framework-win-MediaFoundation: 216162199b28c13a410421893ffa2e32 -> 
  custom:video-decoder-ogg-theora: a1e56fd34408186e4bbccfd4996cb3dc -> 
  custom:container-muxer-webm: aa71ff27fc2769a1b78a27578f13a17b -> 
  custom:container-demuxer-webm: 4f35f7cbe854078d1ac9338744f61a02 -> 
  custom:container-demuxer-ogg: 62fdf1f143b41e24485cea50d1cbac27 -> 
  custom:video-encoder-webm-vp8: eb34c28f22e8b96e1ab97ce403110664 -> 
  custom:video-codec-MediaFoundation-h265: 746d11721c4dcdbdad8f713fa42b33f4 -> 
  custom:video-decoder-webm-vp8: 9c59270c3fd7afecdb556c50c9e8de78 -> 
  custom:audio-decoder-ogg-vorbis: bf7c407c2cedff20999df2af8eb42d56 -> 
  custom:audio-encoder-webm-vorbis: bf7c407c2cedff20999df2af8eb42d56 -> 
========================================================================
Received Prepare
Registering precompiled user dll's ...
Registered in 0.104658 seconds.
Begin MonoManager ReloadAssembly
Native extension for WindowsStandalone target not found
Refreshing native plugins compatible for Editor in 0.38 ms, found 0 plugins.
Preloading 0 native plugins for Editor in 0.00 ms.
Mono: successfully reloaded assembly
- Completed reload, in  1.960 seconds
Domain Reload Profiling:
	ReloadAssembly (1960ms)
		BeginReloadAssembly (188ms)
			ExecutionOrderSort (0ms)
			DisableScriptedObjects (5ms)
			BackupInstance (0ms)
			ReleaseScriptingObjects (0ms)
			CreateAndSetChildDomain (23ms)
		EndReloadAssembly (1699ms)
			LoadAssemblies (925ms)
			RebuildTransferFunctionScriptingTraits (0ms)
			SetupTypeCache (227ms)
			ReleaseScriptCaches (1ms)
			RebuildScriptCaches (36ms)
			SetupLoadedEditorAssemblies (247ms)
				LogAssemblyErrors (0ms)
				InitializePlatformSupportModulesInManaged (5ms)
				SetLoadedEditorAssemblies (0ms)
				RefreshPlugins (0ms)
				BeforeProcessingInitializeOnLoad (97ms)
				ProcessInitializeOnLoadAttributes (126ms)
				ProcessInitializeOnLoadMethodAttributes (4ms)
				AfterProcessingInitializeOnLoad (14ms)
				EditorAssembliesLoaded (0ms)
			ExecutionOrderSort2 (0ms)
			AwakeInstancesAfterBackupRestoration (16ms)
Platform modules already initialized, skipping
Refreshing native plugins compatible for Editor in 0.49 ms, found 0 plugins.
Preloading 0 native plugins for Editor in 0.00 ms.
Unloading 2216 Unused Serialized files (Serialized files now loaded: 0)
System memory in use before: 117.0 MB.
System memory in use after: 117.1 MB.

Unloading 8 unused Assets to reduce memory usage. Loaded Objects now: 2897.
Total: 2.886500 ms (FindLiveObjects: 0.211800 ms CreateObjectMapping: 0.096900 ms MarkObjects: 2.500000 ms  DeleteObjects: 0.076400 ms)

AssetImportParameters requested are different than current active one (requested -> active):
  custom:framework-win-MediaFoundation: 216162199b28c13a410421893ffa2e32 -> 
  custom:video-decoder-ogg-theora: a1e56fd34408186e4bbccfd4996cb3dc -> 
  custom:container-muxer-webm: aa71ff27fc2769a1b78a27578f13a17b -> 
  custom:container-demuxer-webm: 4f35f7cbe854078d1ac9338744f61a02 -> 
  custom:container-demuxer-ogg: 62fdf1f143b41e24485cea50d1cbac27 -> 
  custom:video-encoder-webm-vp8: eb34c28f22e8b96e1ab97ce403110664 -> 
  custom:video-codec-MediaFoundation-h265: 746d11721c4dcdbdad8f713fa42b33f4 -> 
  custom:video-decoder-webm-vp8: 9c59270c3fd7afecdb556c50c9e8de78 -> 
  custom:audio-decoder-ogg-vorbis: bf7c407c2cedff20999df2af8eb42d56 -> 
  custom:audio-encoder-webm-vorbis: bf7c407c2cedff20999df2af8eb42d56 -> 
========================================================================
Received Import Request.
  Time since last request: 1113.539921 seconds.
  path: Assets/Prototype5/Scenes/Proto_5_Lvl_1.unity
  artifactKey: Guid(20107a9468d03e743a756fa62fedb479) Importer(815301076,1909f56bfc062723c751e8b465ee728b)
Start importing Assets/Prototype5/Scenes/Proto_5_Lvl_1.unity using Guid(20107a9468d03e743a756fa62fedb479) Importer(815301076,1909f56bfc062723c751e8b465ee728b)  -> (artifact id: 'd193431fdfb0a640fd2a22bb97cf5c8c') in 0.067084 seconds 
  Import took 0.240809 seconds .

========================================================================
Received Import Request.
  Time since last request: 1704.567713 seconds.
  path: Assets/Prototype5/Scenes/Proto_5_Lvl_10
  artifactKey: Guid(6d8ea2d36ab3a484897a93a88d6ed187) Importer(815301076,1909f56bfc062723c751e8b465ee728b)
Start importing Assets/Prototype5/Scenes/Proto_5_Lvl_10 using Guid(6d8ea2d36ab3a484897a93a88d6ed187) Importer(815301076,1909f56bfc062723c751e8b465ee728b)  -> (artifact id: '8acfef8d7be03fe50e5a4a02ca3ea2d4') in 0.065532 seconds 
  Import took 0.106757 seconds .

========================================================================
Received Import Request.
  Time since last request: 0.280274 seconds.
  path: Assets/Prototype5/Scenes/Proto_5_Lvl_9
  artifactKey: Guid(314f1dbbd8d97884ab766dbb5a770bad) Importer(815301076,1909f56bfc062723c751e8b465ee728b)
Start importing Assets/Prototype5/Scenes/Proto_5_Lvl_9 using Guid(314f1dbbd8d97884ab766dbb5a770bad) Importer(815301076,1909f56bfc062723c751e8b465ee728b)  -> (artifact id: 'ce33fafe9bdb1345066dea19694af27e') in 0.006445 seconds 
  Import took 0.031086 seconds .

========================================================================
Received Import Request.
  Time since last request: 0.314339 seconds.
  path: Assets/Prototype5/Scenes/Proto_5_Lvl_8
  artifactKey: Guid(322841fe42527d54f9157dbd541933b5) Importer(815301076,1909f56bfc062723c751e8b465ee728b)
Start importing Assets/Prototype5/Scenes/Proto_5_Lvl_8 using Guid(322841fe42527d54f9157dbd541933b5) Importer(815301076,1909f56bfc062723c751e8b465ee728b)  -> (artifact id: '599bba5fbdb96035f47ec908423aefc2') in 0.018063 seconds 
  Import took 0.053700 seconds .

========================================================================
Received Import Request.
  Time since last request: 0.311298 seconds.
  path: Assets/Prototype5/Scenes/Proto_5_Lvl_7
  artifactKey: Guid(d6278e9ee19d1dd4db7a41b5aac5adb1) Importer(815301076,1909f56bfc062723c751e8b465ee728b)
Start importing Assets/Prototype5/Scenes/Proto_5_Lvl_7 using Guid(d6278e9ee19d1dd4db7a41b5aac5adb1) Importer(815301076,1909f56bfc062723c751e8b465ee728b)  -> (artifact id: '9c203591e9aeb45b075250e6265253a9') in 0.006647 seconds 
  Import took 0.012772 seconds .

========================================================================
Received Import Request.
  Time since last request: 0.325297 seconds.
  path: Assets/Prototype5/Scenes/Proto_5_Lvl_6
  artifactKey: Guid(de140d87b0a4d88449001766a4bdfc98) Importer(815301076,1909f56bfc062723c751e8b465ee728b)
Start importing Assets/Prototype5/Scenes/Proto_5_Lvl_6 using Guid(de140d87b0a4d88449001766a4bdfc98) Importer(815301076,1909f56bfc062723c751e8b465ee728b)  -> (artifact id: '7f6df459c6251f85a9e79f5525cf5e40') in 0.021374 seconds 
  Import took 0.040674 seconds .

========================================================================
Received Import Request.
  Time since last request: 17.159142 seconds.
  path: Assets/Prototype5/Models/Lvl 2 Rings.fbx
  artifactKey: Guid(4acd2ceead6bf99468c374f14fc8f3a3) Importer(815301076,1909f56bfc062723c751e8b465ee728b)
Start importing Assets/Prototype5/Models/Lvl 2 Rings.fbx using Guid(4acd2ceead6bf99468c374f14fc8f3a3) Importer(815301076,1909f56bfc062723c751e8b465ee728b)  -> (artifact id: 'a6a3c0e3617f0483df0a22a526423fa3') in 0.527566 seconds 
  Import took 0.552755 seconds .

========================================================================
Received Import Request.
  Time since last request: 5.674400 seconds.
  path: Assets/Prototype5/Models/Lvl 2 Rings.fbx
  artifactKey: Guid(4acd2ceead6bf99468c374f14fc8f3a3) Importer(815301076,1909f56bfc062723c751e8b465ee728b)
Start importing Assets/Prototype5/Models/Lvl 2 Rings.fbx using Guid(4acd2ceead6bf99468c374f14fc8f3a3) Importer(815301076,1909f56bfc062723c751e8b465ee728b)  -> (artifact id: '9683d7d46acbede0ec9d09dfc6d70071') in 0.056916 seconds 
  Import took 0.085656 seconds .

========================================================================
Received Import Request.
  Time since last request: 398.809156 seconds.
  path: Assets/Prototype5/Materials/Lvl 2 Textures
  artifactKey: Guid(fdff24c6bc5095041840549c1b85cbbe) Importer(815301076,1909f56bfc062723c751e8b465ee728b)
Start importing Assets/Prototype5/Materials/Lvl 2 Textures using Guid(fdff24c6bc5095041840549c1b85cbbe) Importer(815301076,1909f56bfc062723c751e8b465ee728b)  -> (artifact id: '3e694f663ca768d1eb141cd377b08860') in 0.005994 seconds 
  Import took 0.026648 seconds .

========================================================================
Received Import Request.
  Time since last request: 121.468208 seconds.
  path: Assets/Lvl 2 Blocks.fbx
  artifactKey: Guid(c2eb05eaa562cca42a7c0de100c715d2) Importer(815301076,1909f56bfc062723c751e8b465ee728b)
Start importing Assets/Lvl 2 Blocks.fbx using Guid(c2eb05eaa562cca42a7c0de100c715d2) Importer(815301076,1909f56bfc062723c751e8b465ee728b)  -> (artifact id: '787e19cda964290d5e3d64ab81c86c3e') in 0.157084 seconds 
  Import took 0.186630 seconds .

========================================================================
Received Import Request.
  Time since last request: 8.464947 seconds.
  path: Assets/Prototype5/Models/Lvl 2 Blocks.fbx
  artifactKey: Guid(c2eb05eaa562cca42a7c0de100c715d2) Importer(815301076,1909f56bfc062723c751e8b465ee728b)
Start importing Assets/Prototype5/Models/Lvl 2 Blocks.fbx using Guid(c2eb05eaa562cca42a7c0de100c715d2) Importer(815301076,1909f56bfc062723c751e8b465ee728b)  -> (artifact id: '6a345e80ab5839881a5b9fb23d14932d') in 0.090728 seconds 
  Import took 0.115863 seconds .

========================================================================
Received Prepare
Registering precompiled user dll's ...
Registered in 0.001658 seconds.
Begin MonoManager ReloadAssembly
Native extension for WindowsStandalone target not found
Refreshing native plugins compatible for Editor in 0.41 ms, found 0 plugins.
Preloading 0 native plugins for Editor in 0.00 ms.
Mono: successfully reloaded assembly
- Completed reload, in  1.058 seconds
Domain Reload Profiling:
	ReloadAssembly (1058ms)
		BeginReloadAssembly (189ms)
			ExecutionOrderSort (0ms)
			DisableScriptedObjects (7ms)
			BackupInstance (0ms)
			ReleaseScriptingObjects (0ms)
			CreateAndSetChildDomain (59ms)
		EndReloadAssembly (797ms)
			LoadAssemblies (146ms)
			RebuildTransferFunctionScriptingTraits (0ms)
			SetupTypeCache (230ms)
			ReleaseScriptCaches (1ms)
			RebuildScriptCaches (36ms)
			SetupLoadedEditorAssemblies (238ms)
				LogAssemblyErrors (0ms)
				InitializePlatformSupportModulesInManaged (5ms)
				SetLoadedEditorAssemblies (0ms)
				RefreshPlugins (0ms)
				BeforeProcessingInitializeOnLoad (83ms)
				ProcessInitializeOnLoadAttributes (129ms)
				ProcessInitializeOnLoadMethodAttributes (7ms)
				AfterProcessingInitializeOnLoad (13ms)
				EditorAssembliesLoaded (0ms)
			ExecutionOrderSort2 (0ms)
			AwakeInstancesAfterBackupRestoration (17ms)
Platform modules already initialized, skipping
Refreshing native plugins compatible for Editor in 0.41 ms, found 0 plugins.
Preloading 0 native plugins for Editor in 0.00 ms.
Unloading 2216 Unused Serialized files (Serialized files now loaded: 0)
System memory in use before: 117.1 MB.
System memory in use after: 117.3 MB.

Unloading 8 unused Assets to reduce memory usage. Loaded Objects now: 2935.
Total: 2.932300 ms (FindLiveObjects: 0.235900 ms CreateObjectMapping: 0.097200 ms MarkObjects: 2.528500 ms  DeleteObjects: 0.069300 ms)

AssetImportParameters requested are different than current active one (requested -> active):
  custom:framework-win-MediaFoundation: 216162199b28c13a410421893ffa2e32 -> 
  custom:video-decoder-ogg-theora: a1e56fd34408186e4bbccfd4996cb3dc -> 
  custom:container-muxer-webm: aa71ff27fc2769a1b78a27578f13a17b -> 
  custom:container-demuxer-webm: 4f35f7cbe854078d1ac9338744f61a02 -> 
  custom:container-demuxer-ogg: 62fdf1f143b41e24485cea50d1cbac27 -> 
  custom:video-encoder-webm-vp8: eb34c28f22e8b96e1ab97ce403110664 -> 
  custom:video-codec-MediaFoundation-h265: 746d11721c4dcdbdad8f713fa42b33f4 -> 
  custom:video-decoder-webm-vp8: 9c59270c3fd7afecdb556c50c9e8de78 -> 
  custom:audio-decoder-ogg-vorbis: bf7c407c2cedff20999df2af8eb42d56 -> 
  custom:audio-encoder-webm-vorbis: bf7c407c2cedff20999df2af8eb42d56 -> 
========================================================================
Received Import Request.
  Time since last request: 3102.895680 seconds.
  path: Assets/Prototype5/Models/Lvl 3 Blocks.fbx
  artifactKey: Guid(56792bf822de211489874efba1b3ec46) Importer(815301076,1909f56bfc062723c751e8b465ee728b)
Start importing Assets/Prototype5/Models/Lvl 3 Blocks.fbx using Guid(56792bf822de211489874efba1b3ec46) Importer(815301076,1909f56bfc062723c751e8b465ee728b)  -> (artifact id: '92e4f596174fe6d0c77a1bf218eb9783') in 0.296423 seconds 
  Import took 0.307367 seconds .

========================================================================
Received Import Request.
  Time since last request: 6.999030 seconds.
  path: Assets/Prototype5/Models/Lvl 3 Rings.fbx
  artifactKey: Guid(82b8ee339d82de54b898d71bb1093cc9) Importer(815301076,1909f56bfc062723c751e8b465ee728b)
Start importing Assets/Prototype5/Models/Lvl 3 Rings.fbx using Guid(82b8ee339d82de54b898d71bb1093cc9) Importer(815301076,1909f56bfc062723c751e8b465ee728b)  -> (artifact id: '899ad8961b00574ad4a6c66856d26ea7') in 0.070270 seconds 
  Import took 0.086031 seconds .

========================================================================
Received Import Request.
  Time since last request: 4.137943 seconds.
  path: Assets/Prototype5/Models/Lvl 3 Rings.fbx
  artifactKey: Guid(82b8ee339d82de54b898d71bb1093cc9) Importer(815301076,1909f56bfc062723c751e8b465ee728b)
Start importing Assets/Prototype5/Models/Lvl 3 Rings.fbx using Guid(82b8ee339d82de54b898d71bb1093cc9) Importer(815301076,1909f56bfc062723c751e8b465ee728b)  -> (artifact id: 'e7bb26332f6c3c09e3733f8497dcaffc') in 0.063386 seconds 
  Import took 0.066855 seconds .

========================================================================
Received Import Request.
  Time since last request: 4.244581 seconds.
  path: Assets/Prototype5/Models/Lvl 3 Blocks.fbx
  artifactKey: Guid(56792bf822de211489874efba1b3ec46) Importer(815301076,1909f56bfc062723c751e8b465ee728b)
Start importing Assets/Prototype5/Models/Lvl 3 Blocks.fbx using Guid(56792bf822de211489874efba1b3ec46) Importer(815301076,1909f56bfc062723c751e8b465ee728b)  -> (artifact id: 'f7d7f765f11c02bf42f6d73772dce1ad') in 0.107642 seconds 
  Import took 0.130033 seconds .

========================================================================
Received Import Request.
  Time since last request: 113.124920 seconds.
  path: Assets/Prototype5/Materials/Lvl 3 Textures/Lvl 2 Ring Mat
  artifactKey: Guid(0037dbc2294aaf14c916b513714475b0) Importer(815301076,1909f56bfc062723c751e8b465ee728b)
Start importing Assets/Prototype5/Materials/Lvl 3 Textures/Lvl 2 Ring Mat using Guid(0037dbc2294aaf14c916b513714475b0) Importer(815301076,1909f56bfc062723c751e8b465ee728b)  -> (artifact id: 'd66fa14773b3396669f2d9f366567096') in 0.005369 seconds 
  Import took 0.031802 seconds .

========================================================================
Received Import Request.
  Time since last request: 0.870239 seconds.
  path: Assets/Prototype5/Materials/Lvl 3 Textures/Lvl 2 Block Mat
  artifactKey: Guid(81232397952f89848be0f936edb1bd02) Importer(815301076,1909f56bfc062723c751e8b465ee728b)
Start importing Assets/Prototype5/Materials/Lvl 3 Textures/Lvl 2 Block Mat using Guid(81232397952f89848be0f936edb1bd02) Importer(815301076,1909f56bfc062723c751e8b465ee728b)  -> (artifact id: 'af6be93571691acf7c331c67ca38189b') in 0.005295 seconds 
  Import took 0.025064 seconds .

========================================================================
Received Import Request.
  Time since last request: 3.487942 seconds.
  path: Assets/Prototype5/Materials/Lvl 3 Textures/Lvl 3 Block Mat
  artifactKey: Guid(ef21a4e18f424e7479d0cbfeeeb51bd2) Importer(815301076,1909f56bfc062723c751e8b465ee728b)
Start importing Assets/Prototype5/Materials/Lvl 3 Textures/Lvl 3 Block Mat using Guid(ef21a4e18f424e7479d0cbfeeeb51bd2) Importer(815301076,1909f56bfc062723c751e8b465ee728b)  -> (artifact id: '5e50d5fafcd6923e545fd01406cd0c6a') in 0.006175 seconds 
  Import took 0.031966 seconds .

========================================================================
Received Import Request.
  Time since last request: 1.097282 seconds.
  path: Assets/Prototype5/Materials/Lvl 3 Textures
  artifactKey: Guid(47e329ecf736df041945e33a27296665) Importer(815301076,1909f56bfc062723c751e8b465ee728b)
Start importing Assets/Prototype5/Materials/Lvl 3 Textures using Guid(47e329ecf736df041945e33a27296665) Importer(815301076,1909f56bfc062723c751e8b465ee728b)  -> (artifact id: '698fbfc5a8cbf68932ae06007ccf9ea3') in 0.026981 seconds 
  Import took 0.043390 seconds .

========================================================================
Received Prepare
Registering precompiled user dll's ...
Registered in 0.001612 seconds.
Begin MonoManager ReloadAssembly
Native extension for WindowsStandalone target not found
Refreshing native plugins compatible for Editor in 0.43 ms, found 0 plugins.
Preloading 0 native plugins for Editor in 0.00 ms.
Mono: successfully reloaded assembly
- Completed reload, in  0.897 seconds
Domain Reload Profiling:
	ReloadAssembly (898ms)
		BeginReloadAssembly (141ms)
			ExecutionOrderSort (0ms)
			DisableScriptedObjects (7ms)
			BackupInstance (0ms)
			ReleaseScriptingObjects (0ms)
			CreateAndSetChildDomain (25ms)
		EndReloadAssembly (685ms)
			LoadAssemblies (111ms)
			RebuildTransferFunctionScriptingTraits (0ms)
			SetupTypeCache (217ms)
			ReleaseScriptCaches (1ms)
			RebuildScriptCaches (35ms)
			SetupLoadedEditorAssemblies (215ms)
				LogAssemblyErrors (0ms)
				InitializePlatformSupportModulesInManaged (5ms)
				SetLoadedEditorAssemblies (0ms)
				RefreshPlugins (1ms)
				BeforeProcessingInitializeOnLoad (81ms)
				ProcessInitializeOnLoadAttributes (111ms)
				ProcessInitializeOnLoadMethodAttributes (4ms)
				AfterProcessingInitializeOnLoad (13ms)
				EditorAssembliesLoaded (0ms)
			ExecutionOrderSort2 (0ms)
			AwakeInstancesAfterBackupRestoration (16ms)
Platform modules already initialized, skipping
Refreshing native plugins compatible for Editor in 0.39 ms, found 0 plugins.
Preloading 0 native plugins for Editor in 0.00 ms.
Unloading 2216 Unused Serialized files (Serialized files now loaded: 0)
System memory in use before: 117.4 MB.
System memory in use after: 117.5 MB.

Unloading 8 unused Assets to reduce memory usage. Loaded Objects now: 2973.
Total: 2.749300 ms (FindLiveObjects: 0.249300 ms CreateObjectMapping: 0.113000 ms MarkObjects: 2.323000 ms  DeleteObjects: 0.062700 ms)

AssetImportParameters requested are different than current active one (requested -> active):
  custom:framework-win-MediaFoundation: 216162199b28c13a410421893ffa2e32 -> 
  custom:video-decoder-ogg-theora: a1e56fd34408186e4bbccfd4996cb3dc -> 
  custom:container-muxer-webm: aa71ff27fc2769a1b78a27578f13a17b -> 
  custom:container-demuxer-webm: 4f35f7cbe854078d1ac9338744f61a02 -> 
  custom:container-demuxer-ogg: 62fdf1f143b41e24485cea50d1cbac27 -> 
  custom:video-encoder-webm-vp8: eb34c28f22e8b96e1ab97ce403110664 -> 
  custom:video-codec-MediaFoundation-h265: 746d11721c4dcdbdad8f713fa42b33f4 -> 
  custom:video-decoder-webm-vp8: 9c59270c3fd7afecdb556c50c9e8de78 -> 
  custom:audio-decoder-ogg-vorbis: bf7c407c2cedff20999df2af8eb42d56 -> 
  custom:audio-encoder-webm-vorbis: bf7c407c2cedff20999df2af8eb42d56 -> 
========================================================================
Received Import Request.
  Time since last request: 190.630224 seconds.
  path: Assets/Prototype5/Scenes/Proto_5_Lvl_2.unity
  artifactKey: Guid(17565cac7f81dfe40a645f9654bd8cd0) Importer(815301076,1909f56bfc062723c751e8b465ee728b)
Start importing Assets/Prototype5/Scenes/Proto_5_Lvl_2.unity using Guid(17565cac7f81dfe40a645f9654bd8cd0) Importer(815301076,1909f56bfc062723c751e8b465ee728b)  -> (artifact id: '8d6162b7b9e1cacf68357a0cbd740faf') in 0.045102 seconds 
  Import took 0.055568 seconds .

========================================================================
Received Import Request.
  Time since last request: 1.593033 seconds.
  path: Assets/Prototype5/Scenes/Proto_5_Lvl_3.unity
  artifactKey: Guid(8428c8aea57640f43b4bd153a466be13) Importer(815301076,1909f56bfc062723c751e8b465ee728b)
Start importing Assets/Prototype5/Scenes/Proto_5_Lvl_3.unity using Guid(8428c8aea57640f43b4bd153a466be13) Importer(815301076,1909f56bfc062723c751e8b465ee728b)  -> (artifact id: '4efaa627bdda5489c2eeb66a4bcf979e') in 0.022998 seconds 
  Import took 0.039017 seconds .

========================================================================
Received Import Request.
  Time since last request: 1025.604578 seconds.
  path: Assets/Prototype5/Materials/Lvl 4 Textures/Lvl 2 Ring Mat
  artifactKey: Guid(ba9c53c23d6a44442b382bb13497208d) Importer(815301076,1909f56bfc062723c751e8b465ee728b)
Start importing Assets/Prototype5/Materials/Lvl 4 Textures/Lvl 2 Ring Mat using Guid(ba9c53c23d6a44442b382bb13497208d) Importer(815301076,1909f56bfc062723c751e8b465ee728b)  -> (artifact id: 'e41c46ef07251d75db41a9029b6f8702') in 0.001716 seconds 
  Import took 0.005553 seconds .

========================================================================
Received Import Request.
  Time since last request: 0.489709 seconds.
  path: Assets/Prototype5/Materials/Lvl 4 Textures/Lvl 2 Block Mat
  artifactKey: Guid(ac1e5d97d3b1c194e9e61b5ba7fe7c6d) Importer(815301076,1909f56bfc062723c751e8b465ee728b)
Start importing Assets/Prototype5/Materials/Lvl 4 Textures/Lvl 2 Block Mat using Guid(ac1e5d97d3b1c194e9e61b5ba7fe7c6d) Importer(815301076,1909f56bfc062723c751e8b465ee728b)  -> (artifact id: '54e5c3fdc5baf23f8d2fba01474718f6') in 0.001837 seconds 
  Import took 0.041266 seconds .

========================================================================
Received Import Request.
  Time since last request: 9.998881 seconds.
  path: Assets/Prototype5/Materials/Lvl 4 Textures
  artifactKey: Guid(d4774d9c3c4f26d4e81f19a914265939) Importer(815301076,1909f56bfc062723c751e8b465ee728b)
Start importing Assets/Prototype5/Materials/Lvl 4 Textures using Guid(d4774d9c3c4f26d4e81f19a914265939) Importer(815301076,1909f56bfc062723c751e8b465ee728b)  -> (artifact id: '8eefb0128dbd8b5529f9df1765260daf') in 0.007004 seconds 
  Import took 0.035722 seconds .

========================================================================
Received Import Request.
  Time since last request: 0.352170 seconds.
  path: Assets/Prototype5/Materials/Lvl 4 Textures/Lvl 4 Ring Mat
  artifactKey: Guid(73fe227864206404a8e4990707c9a3de) Importer(815301076,1909f56bfc062723c751e8b465ee728b)
Start importing Assets/Prototype5/Materials/Lvl 4 Textures/Lvl 4 Ring Mat using Guid(73fe227864206404a8e4990707c9a3de) Importer(815301076,1909f56bfc062723c751e8b465ee728b)  -> (artifact id: '8c758523ac6fac355a9bbaf155a3d112') in 0.005523 seconds 
  Import took 0.018284 seconds .

========================================================================
Received Import Request.
  Time since last request: 0.322192 seconds.
  path: Assets/Prototype5/Materials/Lvl 4 Textures/Lvl 4 Block Mat
  artifactKey: Guid(fa658234bebafdb488135917ebd568c6) Importer(815301076,1909f56bfc062723c751e8b465ee728b)
Start importing Assets/Prototype5/Materials/Lvl 4 Textures/Lvl 4 Block Mat using Guid(fa658234bebafdb488135917ebd568c6) Importer(815301076,1909f56bfc062723c751e8b465ee728b)  -> (artifact id: '5699a20112207631ceff1b549430c1ba') in 0.005248 seconds 
  Import took 0.017073 seconds .

========================================================================
Received Import Request.
  Time since last request: 37.281999 seconds.
  path: Assets/Prototype5/Models/Lvl 4 Rings.fbx
  artifactKey: Guid(4d9d32eb1aa79b846b35db025c7068ba) Importer(815301076,1909f56bfc062723c751e8b465ee728b)
Start importing Assets/Prototype5/Models/Lvl 4 Rings.fbx using Guid(4d9d32eb1aa79b846b35db025c7068ba) Importer(815301076,1909f56bfc062723c751e8b465ee728b)  -> (artifact id: 'a44944dbd9556d41f953c17a773c1340') in 0.291258 seconds 
  Import took 0.306365 seconds .

========================================================================
Received Import Request.
  Time since last request: 8.113853 seconds.
  path: Assets/Prototype5/Models/Lvl 4 Blocks.fbx
  artifactKey: Guid(878334fd706f7dd429f156e6abd07c56) Importer(815301076,1909f56bfc062723c751e8b465ee728b)
Start importing Assets/Prototype5/Models/Lvl 4 Blocks.fbx using Guid(878334fd706f7dd429f156e6abd07c56) Importer(815301076,1909f56bfc062723c751e8b465ee728b)  -> (artifact id: 'c5c006840f761cab1e65a6c2e7c797b1') in 0.086784 seconds 
  Import took 0.102855 seconds .

========================================================================
Received Import Request.
  Time since last request: 4.499318 seconds.
  path: Assets/Prototype5/Models/Lvl 4 Blocks.fbx
  artifactKey: Guid(878334fd706f7dd429f156e6abd07c56) Importer(815301076,1909f56bfc062723c751e8b465ee728b)
Start importing Assets/Prototype5/Models/Lvl 4 Blocks.fbx using Guid(878334fd706f7dd429f156e6abd07c56) Importer(815301076,1909f56bfc062723c751e8b465ee728b)  -> (artifact id: '69f45d4752f97bf038653e01187b8119') in 0.076708 seconds 
  Import took 0.088228 seconds .

========================================================================
Received Import Request.
  Time since last request: 3.442781 seconds.
  path: Assets/Prototype5/Models/Lvl 4 Rings.fbx
  artifactKey: Guid(4d9d32eb1aa79b846b35db025c7068ba) Importer(815301076,1909f56bfc062723c751e8b465ee728b)
Start importing Assets/Prototype5/Models/Lvl 4 Rings.fbx using Guid(4d9d32eb1aa79b846b35db025c7068ba) Importer(815301076,1909f56bfc062723c751e8b465ee728b)  -> (artifact id: '6175bda7c2387fb8dab572e6f8c3ca93') in 0.058922 seconds 
  Import took 0.081930 seconds .

========================================================================
Received Prepare
Registering precompiled user dll's ...
Registered in 0.001856 seconds.
Begin MonoManager ReloadAssembly
Native extension for WindowsStandalone target not found
Refreshing native plugins compatible for Editor in 0.39 ms, found 0 plugins.
Preloading 0 native plugins for Editor in 0.00 ms.
Mono: successfully reloaded assembly
- Completed reload, in  0.908 seconds
Domain Reload Profiling:
	ReloadAssembly (908ms)
		BeginReloadAssembly (129ms)
			ExecutionOrderSort (0ms)
			DisableScriptedObjects (6ms)
			BackupInstance (0ms)
			ReleaseScriptingObjects (0ms)
			CreateAndSetChildDomain (25ms)
		EndReloadAssembly (709ms)
			LoadAssemblies (104ms)
			RebuildTransferFunctionScriptingTraits (0ms)
			SetupTypeCache (222ms)
			ReleaseScriptCaches (1ms)
			RebuildScriptCaches (37ms)
			SetupLoadedEditorAssemblies (220ms)
				LogAssemblyErrors (0ms)
				InitializePlatformSupportModulesInManaged (5ms)
				SetLoadedEditorAssemblies (0ms)
				RefreshPlugins (0ms)
				BeforeProcessingInitializeOnLoad (82ms)
				ProcessInitializeOnLoadAttributes (115ms)
				ProcessInitializeOnLoadMethodAttributes (4ms)
				AfterProcessingInitializeOnLoad (13ms)
				EditorAssembliesLoaded (0ms)
			ExecutionOrderSort2 (0ms)
			AwakeInstancesAfterBackupRestoration (16ms)
Platform modules already initialized, skipping
Refreshing native plugins compatible for Editor in 0.39 ms, found 0 plugins.
Preloading 0 native plugins for Editor in 0.00 ms.
Unloading 2216 Unused Serialized files (Serialized files now loaded: 0)
System memory in use before: 117.5 MB.
System memory in use after: 117.7 MB.

Unloading 8 unused Assets to reduce memory usage. Loaded Objects now: 3011.
Total: 2.721500 ms (FindLiveObjects: 0.226000 ms CreateObjectMapping: 0.091700 ms MarkObjects: 2.343200 ms  DeleteObjects: 0.059600 ms)

AssetImportParameters requested are different than current active one (requested -> active):
  custom:framework-win-MediaFoundation: 216162199b28c13a410421893ffa2e32 -> 
  custom:video-decoder-ogg-theora: a1e56fd34408186e4bbccfd4996cb3dc -> 
  custom:container-muxer-webm: aa71ff27fc2769a1b78a27578f13a17b -> 
  custom:container-demuxer-webm: 4f35f7cbe854078d1ac9338744f61a02 -> 
  custom:container-demuxer-ogg: 62fdf1f143b41e24485cea50d1cbac27 -> 
  custom:video-encoder-webm-vp8: eb34c28f22e8b96e1ab97ce403110664 -> 
  custom:video-codec-MediaFoundation-h265: 746d11721c4dcdbdad8f713fa42b33f4 -> 
  custom:video-decoder-webm-vp8: 9c59270c3fd7afecdb556c50c9e8de78 -> 
  custom:audio-decoder-ogg-vorbis: bf7c407c2cedff20999df2af8eb42d56 -> 
  custom:audio-encoder-webm-vorbis: bf7c407c2cedff20999df2af8eb42d56 -> 
========================================================================
Received Import Request.
  Time since last request: 1629.968758 seconds.
  path: Assets/Prototype5/Models/Lvl 5 Blocks.fbx
  artifactKey: Guid(4b1f98cc7e543394791ccd0db171907e) Importer(815301076,1909f56bfc062723c751e8b465ee728b)
Start importing Assets/Prototype5/Models/Lvl 5 Blocks.fbx using Guid(4b1f98cc7e543394791ccd0db171907e) Importer(815301076,1909f56bfc062723c751e8b465ee728b)  -> (artifact id: '371d373e2b73b4886c76ddf5fbb3e3e6') in 0.417235 seconds 
  Import took 0.428906 seconds .

========================================================================
Received Import Request.
  Time since last request: 6.083743 seconds.
  path: Assets/Prototype5/Models/Lvl 5 Rings.fbx
  artifactKey: Guid(948f6f4349cd97c449bc29c4506641f6) Importer(815301076,1909f56bfc062723c751e8b465ee728b)
Start importing Assets/Prototype5/Models/Lvl 5 Rings.fbx using Guid(948f6f4349cd97c449bc29c4506641f6) Importer(815301076,1909f56bfc062723c751e8b465ee728b)  -> (artifact id: '5173605821008f187db694779f307996') in 0.087527 seconds 
  Import took 0.132753 seconds .

========================================================================
Received Import Request.
  Time since last request: 4.702213 seconds.
  path: Assets/Prototype5/Models/Lvl 5 Rings.fbx
  artifactKey: Guid(948f6f4349cd97c449bc29c4506641f6) Importer(815301076,1909f56bfc062723c751e8b465ee728b)
Start importing Assets/Prototype5/Models/Lvl 5 Rings.fbx using Guid(948f6f4349cd97c449bc29c4506641f6) Importer(815301076,1909f56bfc062723c751e8b465ee728b)  -> (artifact id: 'f20a91cd54d9a73d4037607a1969c696') in 0.062222 seconds 
  Import took 0.077822 seconds .

========================================================================
Received Import Request.
  Time since last request: 3.110511 seconds.
  path: Assets/Prototype5/Models/Lvl 5 Blocks.fbx
  artifactKey: Guid(4b1f98cc7e543394791ccd0db171907e) Importer(815301076,1909f56bfc062723c751e8b465ee728b)
Start importing Assets/Prototype5/Models/Lvl 5 Blocks.fbx using Guid(4b1f98cc7e543394791ccd0db171907e) Importer(815301076,1909f56bfc062723c751e8b465ee728b)  -> (artifact id: '974f8ab86fc1d6096940e04ee2b33d8c') in 0.085381 seconds 
  Import took 0.096625 seconds .

========================================================================
Received Import Request.
  Time since last request: 163.724125 seconds.
  path: Assets/Prototype5/Materials/Lvl 5 Textures
  artifactKey: Guid(a78a7dc5d2597a04b9f131cfe6f714b0) Importer(815301076,1909f56bfc062723c751e8b465ee728b)
Start importing Assets/Prototype5/Materials/Lvl 5 Textures using Guid(a78a7dc5d2597a04b9f131cfe6f714b0) Importer(815301076,1909f56bfc062723c751e8b465ee728b)  -> (artifact id: '5a020ddf5104538b9e4ebf582e7490f2') in 0.006288 seconds 
  Import took 0.036035 seconds .

========================================================================
Received Import Request.
  Time since last request: 13.815654 seconds.
  path: Assets/Prototype5/Materials/Lvl 7 Textures
  artifactKey: Guid(d5f0a2985d847984bbfc4e4027e3614b) Importer(815301076,1909f56bfc062723c751e8b465ee728b)
Start importing Assets/Prototype5/Materials/Lvl 7 Textures using Guid(d5f0a2985d847984bbfc4e4027e3614b) Importer(815301076,1909f56bfc062723c751e8b465ee728b)  -> (artifact id: 'b7a173ab621549e99bd9343b400cd929') in 0.005455 seconds 
  Import took 0.019444 seconds .

========================================================================
Received Import Request.
  Time since last request: 3.423160 seconds.
  path: Assets/Prototype5/Materials/Lvl 8 Textures
  artifactKey: Guid(5bad7b9675fe1144eba6710014f1dda5) Importer(815301076,1909f56bfc062723c751e8b465ee728b)
Start importing Assets/Prototype5/Materials/Lvl 8 Textures using Guid(5bad7b9675fe1144eba6710014f1dda5) Importer(815301076,1909f56bfc062723c751e8b465ee728b)  -> (artifact id: '14048d7b9d4290810f705a023ae1d8d0') in 0.005292 seconds 
  Import took 0.033812 seconds .

========================================================================
Received Import Request.
  Time since last request: 55.563684 seconds.
  path: Assets/Prototype5/Materials/Lvl 5 Textures/Lvl 5 Ring Mat/Lvl 5 Rings_lambert1_Normal.png
  artifactKey: Guid(584a53f5f87334f4fb9e8887dc8f0bde) Importer(815301076,1909f56bfc062723c751e8b465ee728b)
Start importing Assets/Prototype5/Materials/Lvl 5 Textures/Lvl 5 Ring Mat/Lvl 5 Rings_lambert1_Normal.png using Guid(584a53f5f87334f4fb9e8887dc8f0bde) Importer(815301076,1909f56bfc062723c751e8b465ee728b)  -> (artifact id: 'a46780ef5b51fd43f21d8058278c895e') in 0.218850 seconds 
  Import took 0.235434 seconds .

========================================================================
Received Import Request.
  Time since last request: 0.215970 seconds.
  path: Assets/Prototype5/Materials/Lvl 5 Textures/Lvl 5 Ring Mat/Lvl 5 Rings_lambert1_Height.png
  artifactKey: Guid(7f66843cfd78ad643af14ff2c813a3d0) Importer(815301076,1909f56bfc062723c751e8b465ee728b)
Start importing Assets/Prototype5/Materials/Lvl 5 Textures/Lvl 5 Ring Mat/Lvl 5 Rings_lambert1_Height.png using Guid(7f66843cfd78ad643af14ff2c813a3d0) Importer(815301076,1909f56bfc062723c751e8b465ee728b)  -> (artifact id: '48bb035825b757080f8559c71bc442b2') in 0.058569 seconds 
  Import took 0.074252 seconds .

========================================================================
Received Import Request.
  Time since last request: 0.739118 seconds.
  path: Assets/Prototype5/Materials/Lvl 5 Textures/Lvl 5 Ring Mat
  artifactKey: Guid(f40bdbf5a7916ea4bacb377996a1c5d6) Importer(815301076,1909f56bfc062723c751e8b465ee728b)
Start importing Assets/Prototype5/Materials/Lvl 5 Textures/Lvl 5 Ring Mat using Guid(f40bdbf5a7916ea4bacb377996a1c5d6) Importer(815301076,1909f56bfc062723c751e8b465ee728b)  -> (artifact id: '05249b490866acc518b84265caf1eb46') in 0.006006 seconds 
  Import took 0.033450 seconds .

========================================================================
Received Import Request.
  Time since last request: 0.660629 seconds.
  path: Assets/Prototype5/Materials/Lvl 5 Textures/Lvl 5 Block Mat
  artifactKey: Guid(a6680a6f371343b4a9a068b207a00dd7) Importer(815301076,1909f56bfc062723c751e8b465ee728b)
Start importing Assets/Prototype5/Materials/Lvl 5 Textures/Lvl 5 Block Mat using Guid(a6680a6f371343b4a9a068b207a00dd7) Importer(815301076,1909f56bfc062723c751e8b465ee728b)  -> (artifact id: 'cb406ed3dc29ad9a0170fd79d031e4fb') in 0.025503 seconds 
  Import took 0.046048 seconds .

========================================================================
Received Prepare
Registering precompiled user dll's ...
Registered in 0.001939 seconds.
Begin MonoManager ReloadAssembly
Native extension for WindowsStandalone target not found
Refreshing native plugins compatible for Editor in 0.43 ms, found 0 plugins.
Preloading 0 native plugins for Editor in 0.00 ms.
Mono: successfully reloaded assembly
- Completed reload, in  1.022 seconds
Domain Reload Profiling:
	ReloadAssembly (1023ms)
		BeginReloadAssembly (156ms)
			ExecutionOrderSort (0ms)
			DisableScriptedObjects (6ms)
			BackupInstance (0ms)
			ReleaseScriptingObjects (0ms)
			CreateAndSetChildDomain (53ms)
		EndReloadAssembly (795ms)
			LoadAssemblies (102ms)
			RebuildTransferFunctionScriptingTraits (0ms)
			SetupTypeCache (246ms)
			ReleaseScriptCaches (1ms)
			RebuildScriptCaches (39ms)
			SetupLoadedEditorAssemblies (250ms)
				LogAssemblyErrors (0ms)
				InitializePlatformSupportModulesInManaged (5ms)
				SetLoadedEditorAssemblies (0ms)
				RefreshPlugins (0ms)
				BeforeProcessingInitializeOnLoad (88ms)
				ProcessInitializeOnLoadAttributes (139ms)
				ProcessInitializeOnLoadMethodAttributes (5ms)
				AfterProcessingInitializeOnLoad (13ms)
				EditorAssembliesLoaded (0ms)
			ExecutionOrderSort2 (0ms)
			AwakeInstancesAfterBackupRestoration (18ms)
Platform modules already initialized, skipping
Refreshing native plugins compatible for Editor in 0.39 ms, found 0 plugins.
Preloading 0 native plugins for Editor in 0.00 ms.
Unloading 2216 Unused Serialized files (Serialized files now loaded: 0)
System memory in use before: 117.8 MB.
System memory in use after: 118.0 MB.

Unloading 8 unused Assets to reduce memory usage. Loaded Objects now: 3053.
Total: 3.086000 ms (FindLiveObjects: 0.290800 ms CreateObjectMapping: 0.105300 ms MarkObjects: 2.620700 ms  DeleteObjects: 0.067800 ms)

AssetImportParameters requested are different than current active one (requested -> active):
  custom:framework-win-MediaFoundation: 216162199b28c13a410421893ffa2e32 -> 
  custom:video-decoder-ogg-theora: a1e56fd34408186e4bbccfd4996cb3dc -> 
  custom:container-muxer-webm: aa71ff27fc2769a1b78a27578f13a17b -> 
  custom:container-demuxer-webm: 4f35f7cbe854078d1ac9338744f61a02 -> 
  custom:container-demuxer-ogg: 62fdf1f143b41e24485cea50d1cbac27 -> 
  custom:video-encoder-webm-vp8: eb34c28f22e8b96e1ab97ce403110664 -> 
  custom:video-codec-MediaFoundation-h265: 746d11721c4dcdbdad8f713fa42b33f4 -> 
  custom:video-decoder-webm-vp8: 9c59270c3fd7afecdb556c50c9e8de78 -> 
  custom:audio-decoder-ogg-vorbis: bf7c407c2cedff20999df2af8eb42d56 -> 
  custom:audio-encoder-webm-vorbis: bf7c407c2cedff20999df2af8eb42d56 -> 
========================================================================
Received Import Request.
  Time since last request: 527.560914 seconds.
  path: Assets/Prototype5/Materials/Lvl 6 Textures
  artifactKey: Guid(ebff38785b456414f9034b4b3faf76a8) Importer(815301076,1909f56bfc062723c751e8b465ee728b)
Start importing Assets/Prototype5/Materials/Lvl 6 Textures using Guid(ebff38785b456414f9034b4b3faf76a8) Importer(815301076,1909f56bfc062723c751e8b465ee728b)  -> (artifact id: '2e3910d0864c65b9ee1dccc2c23b8785') in 0.008391 seconds 
  Import took 0.033275 seconds .

========================================================================
Received Import Request.
  Time since last request: 0.000295 seconds.
  path: Assets/Prototype5/Scenes/Proto_5_Lvl_5.unity
  artifactKey: Guid(bc6f60054b68fe84ba0f3a9fe222330e) Importer(815301076,1909f56bfc062723c751e8b465ee728b)
Start importing Assets/Prototype5/Scenes/Proto_5_Lvl_5.unity using Guid(bc6f60054b68fe84ba0f3a9fe222330e) Importer(815301076,1909f56bfc062723c751e8b465ee728b)  -> (artifact id: 'f6dfedb8c36c5c52f4b0abfb8ddf023c') in 0.031355 seconds 
  Import took 0.035091 seconds .

========================================================================
Received Import Request.
  Time since last request: 1993.503645 seconds.
  path: Assets/Lvl 6 Rings.fbx
  artifactKey: Guid(be0a0ff9c13c6174faca5529907404b3) Importer(815301076,1909f56bfc062723c751e8b465ee728b)
Start importing Assets/Lvl 6 Rings.fbx using Guid(be0a0ff9c13c6174faca5529907404b3) Importer(815301076,1909f56bfc062723c751e8b465ee728b)  -> (artifact id: '9994511f4f1cc93b954f2325c2b1b0bc') in 0.531752 seconds 
  Import took 0.537330 seconds .

========================================================================
Received Import Request.
  Time since last request: 8.056880 seconds.
  path: Assets/Prototype5/Models/Lvl 6 Blocks.fbx
  artifactKey: Guid(963402d1d9be3684ba8f69b99bf1ea25) Importer(815301076,1909f56bfc062723c751e8b465ee728b)
Start importing Assets/Prototype5/Models/Lvl 6 Blocks.fbx using Guid(963402d1d9be3684ba8f69b99bf1ea25) Importer(815301076,1909f56bfc062723c751e8b465ee728b)  -> (artifact id: '22cf0840eb4fecc584f88ccd25a3717c') in 0.105061 seconds 
  Import took 0.117591 seconds .

========================================================================
Received Import Request.
  Time since last request: 3.920773 seconds.
  path: Assets/Prototype5/Models/Lvl 6 Blocks.fbx
  artifactKey: Guid(963402d1d9be3684ba8f69b99bf1ea25) Importer(815301076,1909f56bfc062723c751e8b465ee728b)
Start importing Assets/Prototype5/Models/Lvl 6 Blocks.fbx using Guid(963402d1d9be3684ba8f69b99bf1ea25) Importer(815301076,1909f56bfc062723c751e8b465ee728b)  -> (artifact id: '8fa94ebae941f1881411f89f0b8898b4') in 0.275963 seconds 
  Import took 0.298522 seconds .

========================================================================
Received Import Request.
  Time since last request: 3.281357 seconds.
  path: Assets/Prototype5/Models/Lvl 6 Rings.fbx
  artifactKey: Guid(be0a0ff9c13c6174faca5529907404b3) Importer(815301076,1909f56bfc062723c751e8b465ee728b)
Start importing Assets/Prototype5/Models/Lvl 6 Rings.fbx using Guid(be0a0ff9c13c6174faca5529907404b3) Importer(815301076,1909f56bfc062723c751e8b465ee728b)  -> (artifact id: '6958b124956c4139a3ed1c20bf30d43d') in 0.064920 seconds 
  Import took 0.082221 seconds .

========================================================================
Received Prepare
Registering precompiled user dll's ...
Registered in 0.001620 seconds.
Begin MonoManager ReloadAssembly
Native extension for WindowsStandalone target not found
Refreshing native plugins compatible for Editor in 0.70 ms, found 0 plugins.
Preloading 0 native plugins for Editor in 0.00 ms.
Mono: successfully reloaded assembly
- Completed reload, in  2.065 seconds
Domain Reload Profiling:
	ReloadAssembly (2066ms)
		BeginReloadAssembly (449ms)
			ExecutionOrderSort (0ms)
			DisableScriptedObjects (8ms)
			BackupInstance (0ms)
			ReleaseScriptingObjects (0ms)
			CreateAndSetChildDomain (100ms)
		EndReloadAssembly (1519ms)
			LoadAssemblies (158ms)
			RebuildTransferFunctionScriptingTraits (0ms)
			SetupTypeCache (366ms)
			ReleaseScriptCaches (2ms)
			RebuildScriptCaches (38ms)
			SetupLoadedEditorAssemblies (591ms)
				LogAssemblyErrors (0ms)
				InitializePlatformSupportModulesInManaged (5ms)
				SetLoadedEditorAssemblies (0ms)
				RefreshPlugins (1ms)
				BeforeProcessingInitializeOnLoad (117ms)
				ProcessInitializeOnLoadAttributes (448ms)
				ProcessInitializeOnLoadMethodAttributes (5ms)
				AfterProcessingInitializeOnLoad (15ms)
				EditorAssembliesLoaded (0ms)
			ExecutionOrderSort2 (0ms)
			AwakeInstancesAfterBackupRestoration (21ms)
Platform modules already initialized, skipping
Refreshing native plugins compatible for Editor in 0.46 ms, found 0 plugins.
Preloading 0 native plugins for Editor in 0.00 ms.
Unloading 2216 Unused Serialized files (Serialized files now loaded: 0)
System memory in use before: 117.9 MB.
System memory in use after: 118.1 MB.

Unloading 8 unused Assets to reduce memory usage. Loaded Objects now: 3091.
Total: 2.915700 ms (FindLiveObjects: 0.229400 ms CreateObjectMapping: 0.091100 ms MarkObjects: 2.529900 ms  DeleteObjects: 0.064100 ms)

AssetImportParameters requested are different than current active one (requested -> active):
  custom:framework-win-MediaFoundation: 216162199b28c13a410421893ffa2e32 -> 
  custom:video-decoder-ogg-theora: a1e56fd34408186e4bbccfd4996cb3dc -> 
  custom:container-muxer-webm: aa71ff27fc2769a1b78a27578f13a17b -> 
  custom:container-demuxer-webm: 4f35f7cbe854078d1ac9338744f61a02 -> 
  custom:container-demuxer-ogg: 62fdf1f143b41e24485cea50d1cbac27 -> 
  custom:video-encoder-webm-vp8: eb34c28f22e8b96e1ab97ce403110664 -> 
  custom:video-codec-MediaFoundation-h265: 746d11721c4dcdbdad8f713fa42b33f4 -> 
  custom:video-decoder-webm-vp8: 9c59270c3fd7afecdb556c50c9e8de78 -> 
  custom:audio-decoder-ogg-vorbis: bf7c407c2cedff20999df2af8eb42d56 -> 
  custom:audio-encoder-webm-vorbis: bf7c407c2cedff20999df2af8eb42d56 -> 
========================================================================
Received Import Request.
  Time since last request: 892.301660 seconds.
  path: Assets/Prototype5/Models/Lvl 9 Rings.fbx
  artifactKey: Guid(6e67f31e7f20745478c10955727b64cc) Importer(815301076,1909f56bfc062723c751e8b465ee728b)
Start importing Assets/Prototype5/Models/Lvl 9 Rings.fbx using Guid(6e67f31e7f20745478c10955727b64cc) Importer(815301076,1909f56bfc062723c751e8b465ee728b)  -> (artifact id: 'b1cab6ec3ebeedf985dac333ad7064c7') in 0.347110 seconds 
  Import took 0.366656 seconds .

========================================================================
Received Import Request.
  Time since last request: 5.727648 seconds.
  path: Assets/Prototype5/Models/Lvl 9 Blocks.fbx
  artifactKey: Guid(6e4c6703a899d7e4f8b29a8c2b4f9ac6) Importer(815301076,1909f56bfc062723c751e8b465ee728b)
Start importing Assets/Prototype5/Models/Lvl 9 Blocks.fbx using Guid(6e4c6703a899d7e4f8b29a8c2b4f9ac6) Importer(815301076,1909f56bfc062723c751e8b465ee728b)  -> (artifact id: '8c65f45e04df475252e8fc0d5b494a3e') in 0.098479 seconds 
  Import took 0.110091 seconds .

========================================================================
Received Import Request.
  Time since last request: 3.066373 seconds.
  path: Assets/Prototype5/Models/Lvl 9 Blocks.fbx
  artifactKey: Guid(6e4c6703a899d7e4f8b29a8c2b4f9ac6) Importer(815301076,1909f56bfc062723c751e8b465ee728b)
Start importing Assets/Prototype5/Models/Lvl 9 Blocks.fbx using Guid(6e4c6703a899d7e4f8b29a8c2b4f9ac6) Importer(815301076,1909f56bfc062723c751e8b465ee728b)  -> (artifact id: '5479db0fba2ad4506b52a84f842b5f38') in 0.083262 seconds 
  Import took 0.111636 seconds .

========================================================================
Received Import Request.
  Time since last request: 3.515538 seconds.
  path: Assets/Prototype5/Models/Lvl 9 Rings.fbx
  artifactKey: Guid(6e67f31e7f20745478c10955727b64cc) Importer(815301076,1909f56bfc062723c751e8b465ee728b)
Start importing Assets/Prototype5/Models/Lvl 9 Rings.fbx using Guid(6e67f31e7f20745478c10955727b64cc) Importer(815301076,1909f56bfc062723c751e8b465ee728b)  -> (artifact id: '9a514eea46486f93f84e1a13e36d1905') in 0.066637 seconds 
  Import took 0.070370 seconds .

========================================================================
Received Import Request.
  Time since last request: 45.865686 seconds.
  path: Assets/Prototype5/Materials/Lvl 9 Textures
  artifactKey: Guid(17d5d255445c6c149b327549747242b1) Importer(815301076,1909f56bfc062723c751e8b465ee728b)
Start importing Assets/Prototype5/Materials/Lvl 9 Textures using Guid(17d5d255445c6c149b327549747242b1) Importer(815301076,1909f56bfc062723c751e8b465ee728b)  -> (artifact id: 'c789521bc37f70ccb61fc1eb2a6ecc32') in 0.005636 seconds 
  Import took 0.022345 seconds .

========================================================================
Received Import Request.
  Time since last request: 17.123288 seconds.
  path: Assets/Prototype5/Materials/Lvl 9 Textures/Lvl 9 Block Mat
  artifactKey: Guid(f8f0d2b13a41dc54dad5ffc61de17cc6) Importer(815301076,1909f56bfc062723c751e8b465ee728b)
Start importing Assets/Prototype5/Materials/Lvl 9 Textures/Lvl 9 Block Mat using Guid(f8f0d2b13a41dc54dad5ffc61de17cc6) Importer(815301076,1909f56bfc062723c751e8b465ee728b)  -> (artifact id: '7152ebd91a4d69901dda79305767bd2d') in 0.006480 seconds 
  Import took 0.041030 seconds .

========================================================================
Received Import Request.
  Time since last request: 1.248790 seconds.
  path: Assets/Prototype5/Materials/Lvl 9 Textures/Lvl 9 Ring Mat
  artifactKey: Guid(0d790441604436b4687b982a89111526) Importer(815301076,1909f56bfc062723c751e8b465ee728b)
Start importing Assets/Prototype5/Materials/Lvl 9 Textures/Lvl 9 Ring Mat using Guid(0d790441604436b4687b982a89111526) Importer(815301076,1909f56bfc062723c751e8b465ee728b)  -> (artifact id: '33bd5966fa3f4535436da544dbaeb365') in 0.015915 seconds 
  Import took 0.019779 seconds .

========================================================================
Received Prepare
Registering precompiled user dll's ...
Registered in 0.001683 seconds.
Begin MonoManager ReloadAssembly
Native extension for WindowsStandalone target not found
Refreshing native plugins compatible for Editor in 0.41 ms, found 0 plugins.
Preloading 0 native plugins for Editor in 0.00 ms.
Mono: successfully reloaded assembly
- Completed reload, in  0.967 seconds
Domain Reload Profiling:
	ReloadAssembly (967ms)
		BeginReloadAssembly (165ms)
			ExecutionOrderSort (0ms)
			DisableScriptedObjects (7ms)
			BackupInstance (0ms)
			ReleaseScriptingObjects (0ms)
			CreateAndSetChildDomain (57ms)
		EndReloadAssembly (731ms)
			LoadAssemblies (111ms)
			RebuildTransferFunctionScriptingTraits (0ms)
			SetupTypeCache (218ms)
			ReleaseScriptCaches (1ms)
			RebuildScriptCaches (37ms)
			SetupLoadedEditorAssemblies (233ms)
				LogAssemblyErrors (0ms)
				InitializePlatformSupportModulesInManaged (6ms)
				SetLoadedEditorAssemblies (0ms)
				RefreshPlugins (0ms)
				BeforeProcessingInitializeOnLoad (88ms)
				ProcessInitializeOnLoadAttributes (120ms)
				ProcessInitializeOnLoadMethodAttributes (4ms)
				AfterProcessingInitializeOnLoad (14ms)
				EditorAssembliesLoaded (0ms)
			ExecutionOrderSort2 (0ms)
			AwakeInstancesAfterBackupRestoration (18ms)
Platform modules already initialized, skipping
Refreshing native plugins compatible for Editor in 0.41 ms, found 0 plugins.
Preloading 0 native plugins for Editor in 0.00 ms.
Unloading 2216 Unused Serialized files (Serialized files now loaded: 0)
System memory in use before: 118.1 MB.
System memory in use after: 118.2 MB.

Unloading 8 unused Assets to reduce memory usage. Loaded Objects now: 3129.
Total: 3.289500 ms (FindLiveObjects: 0.402500 ms CreateObjectMapping: 0.169600 ms MarkObjects: 2.646000 ms  DeleteObjects: 0.070400 ms)

AssetImportParameters requested are different than current active one (requested -> active):
  custom:framework-win-MediaFoundation: 216162199b28c13a410421893ffa2e32 -> 
  custom:video-decoder-ogg-theora: a1e56fd34408186e4bbccfd4996cb3dc -> 
  custom:container-muxer-webm: aa71ff27fc2769a1b78a27578f13a17b -> 
  custom:container-demuxer-webm: 4f35f7cbe854078d1ac9338744f61a02 -> 
  custom:container-demuxer-ogg: 62fdf1f143b41e24485cea50d1cbac27 -> 
  custom:video-encoder-webm-vp8: eb34c28f22e8b96e1ab97ce403110664 -> 
  custom:video-codec-MediaFoundation-h265: 746d11721c4dcdbdad8f713fa42b33f4 -> 
  custom:video-decoder-webm-vp8: 9c59270c3fd7afecdb556c50c9e8de78 -> 
  custom:audio-decoder-ogg-vorbis: bf7c407c2cedff20999df2af8eb42d56 -> 
  custom:audio-encoder-webm-vorbis: bf7c407c2cedff20999df2af8eb42d56 -> 
========================================================================
Received Import Request.
  Time since last request: 2108.723248 seconds.
  path: Assets/Prototype5/Models/Lvl 7 Rings.fbx
  artifactKey: Guid(0060e7380861a164783223ded3053c50) Importer(815301076,1909f56bfc062723c751e8b465ee728b)
Start importing Assets/Prototype5/Models/Lvl 7 Rings.fbx using Guid(0060e7380861a164783223ded3053c50) Importer(815301076,1909f56bfc062723c751e8b465ee728b)  -> (artifact id: '53ba0dba3daec82b4bfb3045b2795d87') in 0.412610 seconds 
  Import took 0.462882 seconds .

========================================================================
Received Import Request.
  Time since last request: 2.780171 seconds.
  path: Assets/Prototype5/Models/Lvl 7 Rings.fbx
  artifactKey: Guid(0060e7380861a164783223ded3053c50) Importer(815301076,1909f56bfc062723c751e8b465ee728b)
Start importing Assets/Prototype5/Models/Lvl 7 Rings.fbx using Guid(0060e7380861a164783223ded3053c50) Importer(815301076,1909f56bfc062723c751e8b465ee728b)  -> (artifact id: 'df14c9978aff79c45fff62a7c6d33546') in 0.062387 seconds 
  Import took 0.102025 seconds .

========================================================================
Received Import Request.
  Time since last request: 5.849867 seconds.
  path: Assets/Prototype5/Models/Lvl 7 Blocks.fbx
  artifactKey: Guid(7c148e7b0a281ef429172fadd5336d35) Importer(815301076,1909f56bfc062723c751e8b465ee728b)
Start importing Assets/Prototype5/Models/Lvl 7 Blocks.fbx using Guid(7c148e7b0a281ef429172fadd5336d35) Importer(815301076,1909f56bfc062723c751e8b465ee728b)  -> (artifact id: '1e9f03e38dc787016f6a6082dea67a26') in 0.138942 seconds 
  Import took 0.160696 seconds .

========================================================================
Received Import Request.
  Time since last request: 3.604902 seconds.
  path: Assets/Prototype5/Models/Lvl 7 Blocks.fbx
  artifactKey: Guid(7c148e7b0a281ef429172fadd5336d35) Importer(815301076,1909f56bfc062723c751e8b465ee728b)
Start importing Assets/Prototype5/Models/Lvl 7 Blocks.fbx using Guid(7c148e7b0a281ef429172fadd5336d35) Importer(815301076,1909f56bfc062723c751e8b465ee728b)  -> (artifact id: 'a69d872b592ee32c5a7a87724e42f859') in 0.122678 seconds 
  Import took 0.148256 seconds .

========================================================================
Received Prepare
Registering precompiled user dll's ...
Registered in 0.001888 seconds.
Begin MonoManager ReloadAssembly
Native extension for WindowsStandalone target not found
Refreshing native plugins compatible for Editor in 0.54 ms, found 0 plugins.
Preloading 0 native plugins for Editor in 0.00 ms.
Mono: successfully reloaded assembly
- Completed reload, in  1.107 seconds
Domain Reload Profiling:
	ReloadAssembly (1108ms)
		BeginReloadAssembly (184ms)
			ExecutionOrderSort (0ms)
			DisableScriptedObjects (12ms)
			BackupInstance (0ms)
			ReleaseScriptingObjects (0ms)
			CreateAndSetChildDomain (68ms)
		EndReloadAssembly (840ms)
			LoadAssemblies (107ms)
			RebuildTransferFunctionScriptingTraits (0ms)
			SetupTypeCache (255ms)
			ReleaseScriptCaches (1ms)
			RebuildScriptCaches (43ms)
			SetupLoadedEditorAssemblies (263ms)
				LogAssemblyErrors (0ms)
				InitializePlatformSupportModulesInManaged (5ms)
				SetLoadedEditorAssemblies (1ms)
				RefreshPlugins (1ms)
				BeforeProcessingInitializeOnLoad (101ms)
				ProcessInitializeOnLoadAttributes (136ms)
				ProcessInitializeOnLoadMethodAttributes (4ms)
				AfterProcessingInitializeOnLoad (15ms)
				EditorAssembliesLoaded (0ms)
			ExecutionOrderSort2 (0ms)
			AwakeInstancesAfterBackupRestoration (23ms)
Platform modules already initialized, skipping
Refreshing native plugins compatible for Editor in 0.66 ms, found 0 plugins.
Preloading 0 native plugins for Editor in 0.00 ms.
Unloading 2216 Unused Serialized files (Serialized files now loaded: 0)
System memory in use before: 118.4 MB.
System memory in use after: 118.6 MB.

Unloading 8 unused Assets to reduce memory usage. Loaded Objects now: 3167.
Total: 3.409900 ms (FindLiveObjects: 0.318200 ms CreateObjectMapping: 0.111600 ms MarkObjects: 2.875700 ms  DeleteObjects: 0.102900 ms)

AssetImportParameters requested are different than current active one (requested -> active):
  custom:framework-win-MediaFoundation: 216162199b28c13a410421893ffa2e32 -> 
  custom:video-decoder-ogg-theora: a1e56fd34408186e4bbccfd4996cb3dc -> 
  custom:container-muxer-webm: aa71ff27fc2769a1b78a27578f13a17b -> 
  custom:container-demuxer-webm: 4f35f7cbe854078d1ac9338744f61a02 -> 
  custom:container-demuxer-ogg: 62fdf1f143b41e24485cea50d1cbac27 -> 
  custom:video-encoder-webm-vp8: eb34c28f22e8b96e1ab97ce403110664 -> 
  custom:video-codec-MediaFoundation-h265: 746d11721c4dcdbdad8f713fa42b33f4 -> 
  custom:video-decoder-webm-vp8: 9c59270c3fd7afecdb556c50c9e8de78 -> 
  custom:audio-decoder-ogg-vorbis: bf7c407c2cedff20999df2af8eb42d56 -> 
  custom:audio-encoder-webm-vorbis: bf7c407c2cedff20999df2af8eb42d56 -> 
========================================================================
Received Import Request.
  Time since last request: 881.615788 seconds.
  path: Assets/Prototype5/Models/Lvl 7 Rings.fbx
  artifactKey: Guid(0060e7380861a164783223ded3053c50) Importer(815301076,1909f56bfc062723c751e8b465ee728b)
Start importing Assets/Prototype5/Models/Lvl 7 Rings.fbx using Guid(0060e7380861a164783223ded3053c50) Importer(815301076,1909f56bfc062723c751e8b465ee728b)  -> (artifact id: '415336ed979146f3aefe74c7c355f261') in 1.269882 seconds 
  Import took 1.300420 seconds .

========================================================================
Received Import Request.
  Time since last request: 5.881937 seconds.
  path: Assets/Prototype5/Models/Lvl 7 Rings.fbx
  artifactKey: Guid(0060e7380861a164783223ded3053c50) Importer(815301076,1909f56bfc062723c751e8b465ee728b)
Start importing Assets/Prototype5/Models/Lvl 7 Rings.fbx using Guid(0060e7380861a164783223ded3053c50) Importer(815301076,1909f56bfc062723c751e8b465ee728b)  -> (artifact id: '7d43977d58073f8887f08cf62810b7ba') in 0.060565 seconds 
  Import took 0.076836 seconds .

========================================================================
Received Prepare
Registering precompiled user dll's ...
Registered in 0.001644 seconds.
Begin MonoManager ReloadAssembly
Native extension for WindowsStandalone target not found
Refreshing native plugins compatible for Editor in 0.39 ms, found 0 plugins.
Preloading 0 native plugins for Editor in 0.00 ms.
Mono: successfully reloaded assembly
- Completed reload, in  1.986 seconds
Domain Reload Profiling:
	ReloadAssembly (1986ms)
		BeginReloadAssembly (346ms)
			ExecutionOrderSort (0ms)
			DisableScriptedObjects (11ms)
			BackupInstance (0ms)
			ReleaseScriptingObjects (0ms)
			CreateAndSetChildDomain (139ms)
		EndReloadAssembly (1386ms)
			LoadAssemblies (250ms)
			RebuildTransferFunctionScriptingTraits (0ms)
			SetupTypeCache (423ms)
			ReleaseScriptCaches (1ms)
			RebuildScriptCaches (37ms)
			SetupLoadedEditorAssemblies (566ms)
				LogAssemblyErrors (0ms)
				InitializePlatformSupportModulesInManaged (24ms)
				SetLoadedEditorAssemblies (0ms)
				RefreshPlugins (0ms)
				BeforeProcessingInitializeOnLoad (116ms)
				ProcessInitializeOnLoadAttributes (381ms)
				ProcessInitializeOnLoadMethodAttributes (4ms)
				AfterProcessingInitializeOnLoad (13ms)
				EditorAssembliesLoaded (27ms)
			ExecutionOrderSort2 (0ms)
			AwakeInstancesAfterBackupRestoration (21ms)
Platform modules already initialized, skipping
Refreshing native plugins compatible for Editor in 0.40 ms, found 0 plugins.
Preloading 0 native plugins for Editor in 0.00 ms.
Unloading 2216 Unused Serialized files (Serialized files now loaded: 0)
System memory in use before: 118.4 MB.
System memory in use after: 118.6 MB.

Unloading 8 unused Assets to reduce memory usage. Loaded Objects now: 3205.
Total: 3.376400 ms (FindLiveObjects: 0.273400 ms CreateObjectMapping: 0.109700 ms MarkObjects: 2.913300 ms  DeleteObjects: 0.078900 ms)

AssetImportParameters requested are different than current active one (requested -> active):
  custom:framework-win-MediaFoundation: 216162199b28c13a410421893ffa2e32 -> 
  custom:video-decoder-ogg-theora: a1e56fd34408186e4bbccfd4996cb3dc -> 
  custom:container-muxer-webm: aa71ff27fc2769a1b78a27578f13a17b -> 
  custom:container-demuxer-webm: 4f35f7cbe854078d1ac9338744f61a02 -> 
  custom:container-demuxer-ogg: 62fdf1f143b41e24485cea50d1cbac27 -> 
  custom:video-encoder-webm-vp8: eb34c28f22e8b96e1ab97ce403110664 -> 
  custom:video-codec-MediaFoundation-h265: 746d11721c4dcdbdad8f713fa42b33f4 -> 
  custom:video-decoder-webm-vp8: 9c59270c3fd7afecdb556c50c9e8de78 -> 
  custom:audio-decoder-ogg-vorbis: bf7c407c2cedff20999df2af8eb42d56 -> 
  custom:audio-encoder-webm-vorbis: bf7c407c2cedff20999df2af8eb42d56 -> 
========================================================================
Received Import Request.
  Time since last request: 3375.944031 seconds.
  path: Assets/Prototype5/Scenes/Proto_5_Lvl_9.unity
  artifactKey: Guid(5cac1b1807c959248a64feb92b2c6118) Importer(815301076,1909f56bfc062723c751e8b465ee728b)
Start importing Assets/Prototype5/Scenes/Proto_5_Lvl_9.unity using Guid(5cac1b1807c959248a64feb92b2c6118) Importer(815301076,1909f56bfc062723c751e8b465ee728b)  -> (artifact id: '3ef467383c910623a9b3f3142ff62b2f') in 0.034342 seconds 
  Import took 0.098858 seconds .

========================================================================
Received Import Request.
  Time since last request: 5.117582 seconds.
  path: Assets/Prototype5/Scenes/Proto_5_Lvl_7.unity
  artifactKey: Guid(60188d6ce96b0144f84450a985e522d2) Importer(815301076,1909f56bfc062723c751e8b465ee728b)
Start importing Assets/Prototype5/Scenes/Proto_5_Lvl_7.unity using Guid(60188d6ce96b0144f84450a985e522d2) Importer(815301076,1909f56bfc062723c751e8b465ee728b)  -> (artifact id: '741327eb834607deaae21460f8dacd20') in 0.029101 seconds 
  Import took 0.042048 seconds .

========================================================================
Received Import Request.
  Time since last request: 9.425255 seconds.
  path: Assets/Prototype5/Scenes/Proto_5_Lvl_6.unity
  artifactKey: Guid(6763c56c705415443b6030269b0c7b6b) Importer(815301076,1909f56bfc062723c751e8b465ee728b)
Start importing Assets/Prototype5/Scenes/Proto_5_Lvl_6.unity using Guid(6763c56c705415443b6030269b0c7b6b) Importer(815301076,1909f56bfc062723c751e8b465ee728b)  -> (artifact id: '6f14f72cee0f53be2b4b5ecce009fe7f') in 0.007444 seconds 
  Import took 0.044146 seconds .

========================================================================
Received Import Request.
  Time since last request: 15.105892 seconds.
  path: Assets/Prototype5/Scenes/Proto_5_Lvl_4.unity
  artifactKey: Guid(e66b79922bdb75f45a6d7ffba180bee6) Importer(815301076,1909f56bfc062723c751e8b465ee728b)
Start importing Assets/Prototype5/Scenes/Proto_5_Lvl_4.unity using Guid(e66b79922bdb75f45a6d7ffba180bee6) Importer(815301076,1909f56bfc062723c751e8b465ee728b)  -> (artifact id: 'da3487dcb1dad28e68a362b904b44d29') in 0.020412 seconds 
  Import took 0.067800 seconds .

========================================================================
Received Import Request.
  Time since last request: 292.313774 seconds.
  path: Assets/Prototype5/Models/Lvl 8 Blocks.fbx
  artifactKey: Guid(8f3373ec696fded4099158dfbd1f9726) Importer(815301076,1909f56bfc062723c751e8b465ee728b)
Start importing Assets/Prototype5/Models/Lvl 8 Blocks.fbx using Guid(8f3373ec696fded4099158dfbd1f9726) Importer(815301076,1909f56bfc062723c751e8b465ee728b)  -> (artifact id: '3430dc0d50507c1baaf64f7b662993b2') in 0.339665 seconds 
  Import took 0.364260 seconds .

========================================================================
Received Import Request.
  Time since last request: 3.428652 seconds.
  path: Assets/Prototype5/Models/Lvl 8 Blocks.fbx
  artifactKey: Guid(8f3373ec696fded4099158dfbd1f9726) Importer(815301076,1909f56bfc062723c751e8b465ee728b)
Start importing Assets/Prototype5/Models/Lvl 8 Blocks.fbx using Guid(8f3373ec696fded4099158dfbd1f9726) Importer(815301076,1909f56bfc062723c751e8b465ee728b)  -> (artifact id: 'e1b04b80e2a6a57a6727a13838419efb') in 0.080261 seconds 
  Import took 0.123255 seconds .

========================================================================
Received Import Request.
  Time since last request: 4.785820 seconds.
  path: Assets/Prototype5/Models/Lvl 8 Rings.fbx
  artifactKey: Guid(b8624ffe7c16ee440b39fc9171508f74) Importer(815301076,1909f56bfc062723c751e8b465ee728b)
Start importing Assets/Prototype5/Models/Lvl 8 Rings.fbx using Guid(b8624ffe7c16ee440b39fc9171508f74) Importer(815301076,1909f56bfc062723c751e8b465ee728b)  -> (artifact id: '6808c279c59d0abb6e334fa8a9411c86') in 0.112225 seconds 
  Import took 0.130018 seconds .

========================================================================
Received Import Request.
  Time since last request: 5.414276 seconds.
  path: Assets/Prototype5/Models/Lvl 8 Rings.fbx
  artifactKey: Guid(b8624ffe7c16ee440b39fc9171508f74) Importer(815301076,1909f56bfc062723c751e8b465ee728b)
Start importing Assets/Prototype5/Models/Lvl 8 Rings.fbx using Guid(b8624ffe7c16ee440b39fc9171508f74) Importer(815301076,1909f56bfc062723c751e8b465ee728b)  -> (artifact id: 'c4c6f4f2b4a38de99a25661d4f384fa6') in 0.076272 seconds 
  Import took 0.086870 seconds .

========================================================================
Received Import Request.
  Time since last request: 271.587612 seconds.
  path: Assets/Prototype5/Materials/Lvl 10 Textures/Lvl 2 Block Mat
  artifactKey: Guid(d65f92270ab2b3340b1709b49b4453e2) Importer(815301076,1909f56bfc062723c751e8b465ee728b)
Start importing Assets/Prototype5/Materials/Lvl 10 Textures/Lvl 2 Block Mat using Guid(d65f92270ab2b3340b1709b49b4453e2) Importer(815301076,1909f56bfc062723c751e8b465ee728b)  -> (artifact id: '8a462b68057fd732f91ee4be1f70cd70') in 0.006485 seconds 
  Import took 0.041266 seconds .

========================================================================
Received Import Request.
  Time since last request: 4.241744 seconds.
  path: Assets/Prototype5/Materials/Lvl 10 Textures/Lvl 10 Block Mat
  artifactKey: Guid(d65f92270ab2b3340b1709b49b4453e2) Importer(815301076,1909f56bfc062723c751e8b465ee728b)
Start importing Assets/Prototype5/Materials/Lvl 10 Textures/Lvl 10 Block Mat using Guid(d65f92270ab2b3340b1709b49b4453e2) Importer(815301076,1909f56bfc062723c751e8b465ee728b)  -> (artifact id: 'c1d02de6627f6e68a7de037c9eadb773') in 0.005581 seconds 
  Import took 0.021853 seconds .

========================================================================
Received Import Request.
  Time since last request: 1.261629 seconds.
  path: Assets/Prototype5/Materials/Lvl 10 Textures/Lvl 2 Ring Mat
  artifactKey: Guid(554a586adb6b2644e8ddd0a31bd14630) Importer(815301076,1909f56bfc062723c751e8b465ee728b)
Start importing Assets/Prototype5/Materials/Lvl 10 Textures/Lvl 2 Ring Mat using Guid(554a586adb6b2644e8ddd0a31bd14630) Importer(815301076,1909f56bfc062723c751e8b465ee728b)  -> (artifact id: '159b1be00c7a12386ebd59db3b7fbf1d') in 0.014763 seconds 
  Import took 0.018613 seconds .

========================================================================
Received Import Request.
  Time since last request: 3.006085 seconds.
  path: Assets/Prototype5/Materials/Lvl 10 Textures/Lvl 10 Ring Mat
  artifactKey: Guid(554a586adb6b2644e8ddd0a31bd14630) Importer(815301076,1909f56bfc062723c751e8b465ee728b)
Start importing Assets/Prototype5/Materials/Lvl 10 Textures/Lvl 10 Ring Mat using Guid(554a586adb6b2644e8ddd0a31bd14630) Importer(815301076,1909f56bfc062723c751e8b465ee728b)  -> (artifact id: 'a75dd8918139c6293861054ff3ec10bb') in 0.005132 seconds 
  Import took 0.013700 seconds .

========================================================================
Received Import Request.
  Time since last request: 33.070905 seconds.
  path: Assets/Prototype5/Scenes/Proto_5_Lvl_8.unity
  artifactKey: Guid(a9eca40009452b04fb0b9862d8111ce6) Importer(815301076,1909f56bfc062723c751e8b465ee728b)
Start importing Assets/Prototype5/Scenes/Proto_5_Lvl_8.unity using Guid(a9eca40009452b04fb0b9862d8111ce6) Importer(815301076,1909f56bfc062723c751e8b465ee728b)  -> (artifact id: '2d8296397f1e8bd346479c0ee5cda85b') in 0.027376 seconds 
  Import took 0.056973 seconds .

AssetImportWorkerClient::OnTransportError - code=2 error=End of file
